Tue Mar  3 16:00:01 PST 2020 | Wed Mar  4 00:00:01 UTC 2020 | Every 2 hours #1
Tue Mar  3 18:00:01 PST 2020 | Wed Mar  4 02:00:01 UTC 2020 | Every 2 hours #1
Tue Mar  3 20:00:01 PST 2020 | Wed Mar  4 04:00:01 UTC 2020 | Every 2 hours #1
Tue Mar  3 22:00:01 PST 2020 | Wed Mar  4 06:00:01 UTC 2020 | Every 2 hours #1
Wed Mar  4 00:00:01 PST 2020 | Wed Mar  4 08:00:01 UTC 2020 | Every 2 hours #1
Wed Mar  4 02:00:01 PST 2020 | Wed Mar  4 10:00:01 UTC 2020 | Every 2 hours #1
Wed Mar  4 04:00:01 PST 2020 | Wed Mar  4 12:00:01 UTC 2020 | Every 2 hours #1
Wed Mar  4 06:00:01 PST 2020 | Wed Mar  4 14:00:01 UTC 2020 | Every 2 hours #1
Wed Mar  4 08:00:01 PST 2020 | Wed Mar  4 16:00:01 UTC 2020 | Every 2 hours #1
Wed Mar  4 10:00:01 PST 2020 | Wed Mar  4 18:00:01 UTC 2020 | Every 2 hours #1
Wed Mar  4 12:00:01 PST 2020 | Wed Mar  4 20:00:01 UTC 2020 | Every 2 hours #1
Wed Mar  4 14:00:01 PST 2020 | Wed Mar  4 22:00:01 UTC 2020 | Every 2 hours #1
Wed Mar  4 16:00:01 PST 2020 | Thu Mar  5 00:00:01 UTC 2020 | Every 2 hours #1
Wed Mar  4 18:00:01 PST 2020 | Thu Mar  5 02:00:01 UTC 2020 | Every 2 hours #1
Wed Mar  4 20:00:01 PST 2020 | Thu Mar  5 04:00:01 UTC 2020 | Every 2 hours #1
Wed Mar  4 22:00:01 PST 2020 | Thu Mar  5 06:00:01 UTC 2020 | Every 2 hours #1
Thu Mar  5 00:00:01 PST 2020 | Thu Mar  5 08:00:01 UTC 2020 | Every 2 hours #1
Thu Mar  5 02:00:01 PST 2020 | Thu Mar  5 10:00:01 UTC 2020 | Every 2 hours #1
Thu Mar  5 04:00:01 PST 2020 | Thu Mar  5 12:00:01 UTC 2020 | Every 2 hours #1
Thu Mar  5 06:00:01 PST 2020 | Thu Mar  5 14:00:01 UTC 2020 | Every 2 hours #1
Thu Mar  5 08:00:01 PST 2020 | Thu Mar  5 16:00:01 UTC 2020 | Every 2 hours #1
Thu Mar  5 10:00:01 PST 2020 | Thu Mar  5 18:00:01 UTC 2020 | Every 2 hours #1
Thu Mar  5 12:00:01 PST 2020 | Thu Mar  5 20:00:01 UTC 2020 | Every 2 hours #1
Thu Mar  5 14:00:01 PST 2020 | Thu Mar  5 22:00:01 UTC 2020 | Every 2 hours #1
Thu Mar  5 16:00:01 PST 2020 | Fri Mar  6 00:00:01 UTC 2020 | Every 2 hours #1
Thu Mar  5 18:00:01 PST 2020 | Fri Mar  6 02:00:01 UTC 2020 | Every 2 hours #1
Thu Mar  5 20:00:01 PST 2020 | Fri Mar  6 04:00:01 UTC 2020 | Every 2 hours #1
Thu Mar  5 22:00:01 PST 2020 | Fri Mar  6 06:00:01 UTC 2020 | Every 2 hours #1
Fri Mar  6 00:00:01 PST 2020 | Fri Mar  6 08:00:01 UTC 2020 | Every 2 hours #1
Fri Mar  6 02:00:01 PST 2020 | Fri Mar  6 10:00:01 UTC 2020 | Every 2 hours #1
Fri Mar  6 04:00:01 PST 2020 | Fri Mar  6 12:00:01 UTC 2020 | Every 2 hours #1
Fri Mar  6 06:00:01 PST 2020 | Fri Mar  6 14:00:01 UTC 2020 | Every 2 hours #1
Fri Mar  6 08:00:01 PST 2020 | Fri Mar  6 16:00:01 UTC 2020 | Every 2 hours #1
Fri Mar  6 10:00:01 PST 2020 | Fri Mar  6 18:00:01 UTC 2020 | Every 2 hours #1
Fri Mar  6 12:00:01 PST 2020 | Fri Mar  6 20:00:01 UTC 2020 | Every 2 hours #1
Fri Mar  6 14:00:01 PST 2020 | Fri Mar  6 22:00:01 UTC 2020 | Every 2 hours #1
Fri Mar  6 16:00:01 PST 2020 | Sat Mar  7 00:00:01 UTC 2020 | Every 2 hours #1
Fri Mar  6 18:00:01 PST 2020 | Sat Mar  7 02:00:01 UTC 2020 | Every 2 hours #1
Fri Mar  6 20:00:01 PST 2020 | Sat Mar  7 04:00:01 UTC 2020 | Every 2 hours #1
Fri Mar  6 22:00:01 PST 2020 | Sat Mar  7 06:00:01 UTC 2020 | Every 2 hours #1
Sat Mar  7 00:00:01 PST 2020 | Sat Mar  7 08:00:01 UTC 2020 | Every 2 hours #1
Sat Mar  7 02:00:02 PST 2020 | Sat Mar  7 10:00:02 UTC 2020 | Every 2 hours #1
Sat Mar  7 04:00:01 PST 2020 | Sat Mar  7 12:00:01 UTC 2020 | Every 2 hours #1
Sat Mar  7 06:00:01 PST 2020 | Sat Mar  7 14:00:01 UTC 2020 | Every 2 hours #1
Sat Mar  7 08:00:01 PST 2020 | Sat Mar  7 16:00:01 UTC 2020 | Every 2 hours #1
Sat Mar  7 10:00:01 PST 2020 | Sat Mar  7 18:00:01 UTC 2020 | Every 2 hours #1
Sat Mar  7 12:00:01 PST 2020 | Sat Mar  7 20:00:01 UTC 2020 | Every 2 hours #1
Sat Mar  7 14:00:01 PST 2020 | Sat Mar  7 22:00:01 UTC 2020 | Every 2 hours #1
Sat Mar  7 16:00:01 PST 2020 | Sun Mar  8 00:00:01 UTC 2020 | Every 2 hours #1
Sat Mar  7 18:00:01 PST 2020 | Sun Mar  8 02:00:01 UTC 2020 | Every 2 hours #1
Sat Mar  7 20:00:01 PST 2020 | Sun Mar  8 04:00:01 UTC 2020 | Every 2 hours #1
Sat Mar  7 22:00:01 PST 2020 | Sun Mar  8 06:00:01 UTC 2020 | Every 2 hours #1
Sun Mar  8 00:00:01 PST 2020 | Sun Mar  8 08:00:01 UTC 2020 | Every 2 hours #1
Sun Mar  8 04:00:01 PDT 2020 | Sun Mar  8 11:00:01 UTC 2020 | Every 2 hours #1
Sun Mar  8 06:00:01 PDT 2020 | Sun Mar  8 13:00:01 UTC 2020 | Every 2 hours #1
Sun Mar  8 08:00:01 PDT 2020 | Sun Mar  8 15:00:01 UTC 2020 | Every 2 hours #1
Sun Mar  8 10:00:01 PDT 2020 | Sun Mar  8 17:00:01 UTC 2020 | Every 2 hours #1
Sun Mar  8 12:00:01 PDT 2020 | Sun Mar  8 19:00:01 UTC 2020 | Every 2 hours #1
Sun Mar  8 14:00:01 PDT 2020 | Sun Mar  8 21:00:01 UTC 2020 | Every 2 hours #1
Sun Mar  8 16:00:01 PDT 2020 | Sun Mar  8 23:00:01 UTC 2020 | Every 2 hours #1
Sun Mar  8 18:00:01 PDT 2020 | Mon Mar  9 01:00:01 UTC 2020 | Every 2 hours #1
Sun Mar  8 20:00:01 PDT 2020 | Mon Mar  9 03:00:01 UTC 2020 | Every 2 hours #1
Sun Mar  8 22:00:01 PDT 2020 | Mon Mar  9 05:00:01 UTC 2020 | Every 2 hours #1
Mon Mar  9 00:00:01 PDT 2020 | Mon Mar  9 07:00:01 UTC 2020 | Every 2 hours #1
Mon Mar  9 02:00:02 PDT 2020 | Mon Mar  9 09:00:02 UTC 2020 | Every 2 hours #1
Mon Mar  9 04:00:01 PDT 2020 | Mon Mar  9 11:00:01 UTC 2020 | Every 2 hours #1
Mon Mar  9 06:00:01 PDT 2020 | Mon Mar  9 13:00:01 UTC 2020 | Every 2 hours #1
Mon Mar  9 08:00:01 PDT 2020 | Mon Mar  9 15:00:01 UTC 2020 | Every 2 hours #1
Mon Mar  9 10:00:01 PDT 2020 | Mon Mar  9 17:00:01 UTC 2020 | Every 2 hours #1
Mon Mar  9 12:00:01 PDT 2020 | Mon Mar  9 19:00:01 UTC 2020 | Every 2 hours #1
