Sun Oct 25 16:00:01 PDT 2020 | Sun Oct 25 23:00:01 UTC 2020 | Every 3 hours #3
Sun Oct 25 19:00:02 PDT 2020 | Mon Oct 26 02:00:02 UTC 2020 | Every 3 hours #3
Sun Oct 25 22:00:01 PDT 2020 | Mon Oct 26 05:00:01 UTC 2020 | Every 3 hours #3
Mon Oct 26 01:00:01 PDT 2020 | Mon Oct 26 08:00:01 UTC 2020 | Every 3 hours #3
Mon Oct 26 04:00:01 PDT 2020 | Mon Oct 26 11:00:01 UTC 2020 | Every 3 hours #3
Mon Oct 26 07:00:01 PDT 2020 | Mon Oct 26 14:00:01 UTC 2020 | Every 3 hours #3
Mon Oct 26 10:00:01 PDT 2020 | Mon Oct 26 17:00:01 UTC 2020 | Every 3 hours #3
Mon Oct 26 13:00:01 PDT 2020 | Mon Oct 26 20:00:01 UTC 2020 | Every 3 hours #3
Mon Oct 26 16:00:02 PDT 2020 | Mon Oct 26 23:00:02 UTC 2020 | Every 3 hours #3
Mon Oct 26 19:00:01 PDT 2020 | Tue Oct 27 02:00:01 UTC 2020 | Every 3 hours #3
Mon Oct 26 22:00:02 PDT 2020 | Tue Oct 27 05:00:02 UTC 2020 | Every 3 hours #3
Tue Oct 27 01:00:01 PDT 2020 | Tue Oct 27 08:00:01 UTC 2020 | Every 3 hours #3
Tue Oct 27 04:00:01 PDT 2020 | Tue Oct 27 11:00:01 UTC 2020 | Every 3 hours #3
Tue Oct 27 07:00:01 PDT 2020 | Tue Oct 27 14:00:01 UTC 2020 | Every 3 hours #3
Tue Oct 27 10:00:01 PDT 2020 | Tue Oct 27 17:00:01 UTC 2020 | Every 3 hours #3
Tue Oct 27 13:00:01 PDT 2020 | Tue Oct 27 20:00:01 UTC 2020 | Every 3 hours #3
Tue Oct 27 16:00:01 PDT 2020 | Tue Oct 27 23:00:01 UTC 2020 | Every 3 hours #3
Tue Oct 27 19:00:01 PDT 2020 | Wed Oct 28 02:00:01 UTC 2020 | Every 3 hours #3
Tue Oct 27 22:00:01 PDT 2020 | Wed Oct 28 05:00:01 UTC 2020 | Every 3 hours #3
Wed Oct 28 01:00:01 PDT 2020 | Wed Oct 28 08:00:01 UTC 2020 | Every 3 hours #3
Wed Oct 28 04:00:01 PDT 2020 | Wed Oct 28 11:00:01 UTC 2020 | Every 3 hours #3
Wed Oct 28 07:00:01 PDT 2020 | Wed Oct 28 14:00:01 UTC 2020 | Every 3 hours #3
Wed Oct 28 10:00:01 PDT 2020 | Wed Oct 28 17:00:01 UTC 2020 | Every 3 hours #3
Wed Oct 28 13:00:01 PDT 2020 | Wed Oct 28 20:00:01 UTC 2020 | Every 3 hours #3
Wed Oct 28 16:00:01 PDT 2020 | Wed Oct 28 23:00:01 UTC 2020 | Every 3 hours #3
Wed Oct 28 19:00:01 PDT 2020 | Thu Oct 29 02:00:01 UTC 2020 | Every 3 hours #3
Wed Oct 28 22:00:01 PDT 2020 | Thu Oct 29 05:00:01 UTC 2020 | Every 3 hours #3
Thu Oct 29 01:00:01 PDT 2020 | Thu Oct 29 08:00:01 UTC 2020 | Every 3 hours #3
Thu Oct 29 04:00:01 PDT 2020 | Thu Oct 29 11:00:01 UTC 2020 | Every 3 hours #3
Thu Oct 29 07:00:01 PDT 2020 | Thu Oct 29 14:00:01 UTC 2020 | Every 3 hours #3
Thu Oct 29 10:00:01 PDT 2020 | Thu Oct 29 17:00:01 UTC 2020 | Every 3 hours #3
Thu Oct 29 13:00:01 PDT 2020 | Thu Oct 29 20:00:01 UTC 2020 | Every 3 hours #3
Thu Oct 29 16:00:01 PDT 2020 | Thu Oct 29 23:00:01 UTC 2020 | Every 3 hours #3
Thu Oct 29 19:00:01 PDT 2020 | Fri Oct 30 02:00:01 UTC 2020 | Every 3 hours #3
Thu Oct 29 22:00:01 PDT 2020 | Fri Oct 30 05:00:01 UTC 2020 | Every 3 hours #3
Fri Oct 30 01:00:01 PDT 2020 | Fri Oct 30 08:00:01 UTC 2020 | Every 3 hours #3
Fri Oct 30 04:00:01 PDT 2020 | Fri Oct 30 11:00:01 UTC 2020 | Every 3 hours #3
Fri Oct 30 07:00:01 PDT 2020 | Fri Oct 30 14:00:01 UTC 2020 | Every 3 hours #3
Fri Oct 30 10:00:02 PDT 2020 | Fri Oct 30 17:00:02 UTC 2020 | Every 3 hours #3
Fri Oct 30 13:00:01 PDT 2020 | Fri Oct 30 20:00:01 UTC 2020 | Every 3 hours #3
Fri Oct 30 16:00:01 PDT 2020 | Fri Oct 30 23:00:01 UTC 2020 | Every 3 hours #3
Fri Oct 30 19:00:01 PDT 2020 | Sat Oct 31 02:00:01 UTC 2020 | Every 3 hours #3
Fri Oct 30 22:00:01 PDT 2020 | Sat Oct 31 05:00:01 UTC 2020 | Every 3 hours #3
Sat Oct 31 01:00:01 PDT 2020 | Sat Oct 31 08:00:01 UTC 2020 | Every 3 hours #3
Sat Oct 31 04:00:02 PDT 2020 | Sat Oct 31 11:00:02 UTC 2020 | Every 3 hours #3
Sat Oct 31 07:00:01 PDT 2020 | Sat Oct 31 14:00:01 UTC 2020 | Every 3 hours #3
Sat Oct 31 10:00:01 PDT 2020 | Sat Oct 31 17:00:01 UTC 2020 | Every 3 hours #3
Sat Oct 31 13:00:02 PDT 2020 | Sat Oct 31 20:00:02 UTC 2020 | Every 3 hours #3
Sat Oct 31 16:00:01 PDT 2020 | Sat Oct 31 23:00:01 UTC 2020 | Every 3 hours #3
Sat Oct 31 19:00:01 PDT 2020 | Sun Nov  1 02:00:01 UTC 2020 | Every 3 hours #3
Sat Oct 31 22:00:01 PDT 2020 | Sun Nov  1 05:00:01 UTC 2020 | Every 3 hours #3
Sun Nov  1 01:00:01 PDT 2020 | Sun Nov  1 08:00:01 UTC 2020 | Every 3 hours #3
Sun Nov  1 04:00:01 PST 2020 | Sun Nov  1 12:00:01 UTC 2020 | Every 3 hours #3
Sun Nov  1 07:00:01 PST 2020 | Sun Nov  1 15:00:01 UTC 2020 | Every 3 hours #3
Sun Nov  1 10:00:01 PST 2020 | Sun Nov  1 18:00:01 UTC 2020 | Every 3 hours #3
Sun Nov  1 13:00:01 PST 2020 | Sun Nov  1 21:00:01 UTC 2020 | Every 3 hours #3
Sun Nov  1 16:00:01 PST 2020 | Mon Nov  2 00:00:01 UTC 2020 | Every 3 hours #3
