Sun Oct 25 17:00:01 PDT 2020 | Mon Oct 26 00:00:01 UTC 2020 | Every 3 hours #3
Sun Oct 25 20:00:01 PDT 2020 | Mon Oct 26 03:00:01 UTC 2020 | Every 3 hours #3
Sun Oct 25 23:00:02 PDT 2020 | Mon Oct 26 06:00:02 UTC 2020 | Every 3 hours #3
Mon Oct 26 02:00:01 PDT 2020 | Mon Oct 26 09:00:01 UTC 2020 | Every 3 hours #3
Mon Oct 26 05:00:01 PDT 2020 | Mon Oct 26 12:00:01 UTC 2020 | Every 3 hours #3
Mon Oct 26 08:00:02 PDT 2020 | Mon Oct 26 15:00:02 UTC 2020 | Every 3 hours #3
Mon Oct 26 11:00:01 PDT 2020 | Mon Oct 26 18:00:01 UTC 2020 | Every 3 hours #3
Mon Oct 26 14:00:01 PDT 2020 | Mon Oct 26 21:00:01 UTC 2020 | Every 3 hours #3
Mon Oct 26 17:00:01 PDT 2020 | Tue Oct 27 00:00:01 UTC 2020 | Every 3 hours #3
Mon Oct 26 20:00:02 PDT 2020 | Tue Oct 27 03:00:02 UTC 2020 | Every 3 hours #3
Mon Oct 26 23:00:01 PDT 2020 | Tue Oct 27 06:00:01 UTC 2020 | Every 3 hours #3
Tue Oct 27 02:00:01 PDT 2020 | Tue Oct 27 09:00:01 UTC 2020 | Every 3 hours #3
Tue Oct 27 05:00:02 PDT 2020 | Tue Oct 27 12:00:02 UTC 2020 | Every 3 hours #3
Tue Oct 27 08:00:01 PDT 2020 | Tue Oct 27 15:00:01 UTC 2020 | Every 3 hours #3
Tue Oct 27 11:00:01 PDT 2020 | Tue Oct 27 18:00:01 UTC 2020 | Every 3 hours #3
Tue Oct 27 14:00:01 PDT 2020 | Tue Oct 27 21:00:01 UTC 2020 | Every 3 hours #3
Tue Oct 27 17:00:01 PDT 2020 | Wed Oct 28 00:00:01 UTC 2020 | Every 3 hours #3
Tue Oct 27 20:00:01 PDT 2020 | Wed Oct 28 03:00:01 UTC 2020 | Every 3 hours #3
Tue Oct 27 23:00:01 PDT 2020 | Wed Oct 28 06:00:01 UTC 2020 | Every 3 hours #3
Wed Oct 28 02:00:01 PDT 2020 | Wed Oct 28 09:00:01 UTC 2020 | Every 3 hours #3
Wed Oct 28 05:00:01 PDT 2020 | Wed Oct 28 12:00:01 UTC 2020 | Every 3 hours #3
Wed Oct 28 08:00:01 PDT 2020 | Wed Oct 28 15:00:01 UTC 2020 | Every 3 hours #3
Wed Oct 28 11:00:01 PDT 2020 | Wed Oct 28 18:00:01 UTC 2020 | Every 3 hours #3
Wed Oct 28 14:00:01 PDT 2020 | Wed Oct 28 21:00:01 UTC 2020 | Every 3 hours #3
Wed Oct 28 17:00:01 PDT 2020 | Thu Oct 29 00:00:01 UTC 2020 | Every 3 hours #3
Wed Oct 28 20:00:01 PDT 2020 | Thu Oct 29 03:00:01 UTC 2020 | Every 3 hours #3
Wed Oct 28 23:00:01 PDT 2020 | Thu Oct 29 06:00:01 UTC 2020 | Every 3 hours #3
Thu Oct 29 02:00:02 PDT 2020 | Thu Oct 29 09:00:02 UTC 2020 | Every 3 hours #3
Thu Oct 29 05:00:02 PDT 2020 | Thu Oct 29 12:00:02 UTC 2020 | Every 3 hours #3
Thu Oct 29 08:00:01 PDT 2020 | Thu Oct 29 15:00:01 UTC 2020 | Every 3 hours #3
Thu Oct 29 11:00:01 PDT 2020 | Thu Oct 29 18:00:01 UTC 2020 | Every 3 hours #3
Thu Oct 29 14:00:01 PDT 2020 | Thu Oct 29 21:00:01 UTC 2020 | Every 3 hours #3
Thu Oct 29 17:00:01 PDT 2020 | Fri Oct 30 00:00:01 UTC 2020 | Every 3 hours #3
Thu Oct 29 20:00:02 PDT 2020 | Fri Oct 30 03:00:02 UTC 2020 | Every 3 hours #3
Thu Oct 29 23:00:01 PDT 2020 | Fri Oct 30 06:00:01 UTC 2020 | Every 3 hours #3
Fri Oct 30 02:00:01 PDT 2020 | Fri Oct 30 09:00:01 UTC 2020 | Every 3 hours #3
Fri Oct 30 05:00:01 PDT 2020 | Fri Oct 30 12:00:01 UTC 2020 | Every 3 hours #3
Fri Oct 30 08:00:01 PDT 2020 | Fri Oct 30 15:00:01 UTC 2020 | Every 3 hours #3
Fri Oct 30 11:00:01 PDT 2020 | Fri Oct 30 18:00:01 UTC 2020 | Every 3 hours #3
Fri Oct 30 14:00:01 PDT 2020 | Fri Oct 30 21:00:01 UTC 2020 | Every 3 hours #3
Fri Oct 30 17:00:01 PDT 2020 | Sat Oct 31 00:00:01 UTC 2020 | Every 3 hours #3
Fri Oct 30 20:00:01 PDT 2020 | Sat Oct 31 03:00:01 UTC 2020 | Every 3 hours #3
Fri Oct 30 23:00:01 PDT 2020 | Sat Oct 31 06:00:01 UTC 2020 | Every 3 hours #3
Sat Oct 31 02:00:01 PDT 2020 | Sat Oct 31 09:00:01 UTC 2020 | Every 3 hours #3
Sat Oct 31 05:00:01 PDT 2020 | Sat Oct 31 12:00:01 UTC 2020 | Every 3 hours #3
Sat Oct 31 08:00:01 PDT 2020 | Sat Oct 31 15:00:01 UTC 2020 | Every 3 hours #3
Sat Oct 31 11:00:01 PDT 2020 | Sat Oct 31 18:00:01 UTC 2020 | Every 3 hours #3
Sat Oct 31 14:00:01 PDT 2020 | Sat Oct 31 21:00:01 UTC 2020 | Every 3 hours #3
Sat Oct 31 17:00:01 PDT 2020 | Sun Nov  1 00:00:01 UTC 2020 | Every 3 hours #3
Sat Oct 31 20:00:01 PDT 2020 | Sun Nov  1 03:00:01 UTC 2020 | Every 3 hours #3
Sat Oct 31 23:00:01 PDT 2020 | Sun Nov  1 06:00:01 UTC 2020 | Every 3 hours #3
Sun Nov  1 02:00:01 PST 2020 | Sun Nov  1 10:00:01 UTC 2020 | Every 3 hours #3
Sun Nov  1 05:00:01 PST 2020 | Sun Nov  1 13:00:01 UTC 2020 | Every 3 hours #3
Sun Nov  1 08:00:01 PST 2020 | Sun Nov  1 16:00:01 UTC 2020 | Every 3 hours #3
Sun Nov  1 11:00:01 PST 2020 | Sun Nov  1 19:00:01 UTC 2020 | Every 3 hours #3
Sun Nov  1 14:00:01 PST 2020 | Sun Nov  1 22:00:01 UTC 2020 | Every 3 hours #3
