[centos@pdt-test ~]$ uname -a
Linux pdt-test.novalocal 3.10.0-1127.18.2.el7.x86_64 #1 SMP Sun Jul 26 15:27:06 UTC 2020 x86_64 x86_64 x86_64 GNU/Linux
[centos@pdt-test ~]$ cat /etc/os-release
NAME="CentOS Linux"
VERSION="7 (Core)"
ID="centos"
ID_LIKE="rhel fedora"
VERSION_ID="7"
PRETTY_NAME="CentOS Linux 7 (Core)"
ANSI_COLOR="0;31"
CPE_NAME="cpe:/o:centos:centos:7"
HOME_URL="https://www.centos.org/"
BUG_REPORT_URL="https://bugs.centos.org/"

CENTOS_MANTISBT_PROJECT="CentOS-7"
CENTOS_MANTISBT_PROJECT_VERSION="7"
REDHAT_SUPPORT_PRODUCT="centos"
REDHAT_SUPPORT_PRODUCT_VERSION="7"

[centos@pdt-test ~]$ cat /etc/centos-release
CentOS Linux release 7.8.2003 (Core)
[centos@pdt-test ~]$ uname -r
3.10.0-1127.18.2.el7.x86_64

[centos@pdt-test git]$ java -version
openjdk version "11.0.9" 2020-10-20
OpenJDK Runtime Environment AdoptOpenJDK (build 11.0.9+11)
OpenJDK 64-Bit Server VM AdoptOpenJDK (build 11.0.9+11, mixed mode)

[centos@pdt-test daylight-saving]$ mvn dependency:tree
[INFO] Scanning for projects...
[INFO] 
[INFO] --------------------< net.iizs.test:daylightsaving >--------------------
[INFO] Building daylightsaving 0.0.1-SNAPSHOT
[INFO] --------------------------------[ jar ]---------------------------------
[INFO] 
[INFO] --- maven-dependency-plugin:3.1.1:tree (default-cli) @ daylightsaving ---
[INFO] net.iizs.test:daylightsaving:jar:0.0.1-SNAPSHOT
[INFO] +- org.springframework.boot:spring-boot-starter:jar:2.2.5.RELEASE:compile
[INFO] |  +- org.springframework.boot:spring-boot:jar:2.2.5.RELEASE:compile
[INFO] |  |  \- org.springframework:spring-context:jar:5.2.4.RELEASE:compile
[INFO] |  |     +- org.springframework:spring-aop:jar:5.2.4.RELEASE:compile
[INFO] |  |     +- org.springframework:spring-beans:jar:5.2.4.RELEASE:compile
[INFO] |  |     \- org.springframework:spring-expression:jar:5.2.4.RELEASE:compile
[INFO] |  +- org.springframework.boot:spring-boot-autoconfigure:jar:2.2.5.RELEASE:compile
[INFO] |  +- org.springframework.boot:spring-boot-starter-logging:jar:2.2.5.RELEASE:compile
[INFO] |  |  +- ch.qos.logback:logback-classic:jar:1.2.3:compile
[INFO] |  |  |  \- ch.qos.logback:logback-core:jar:1.2.3:compile
[INFO] |  |  +- org.apache.logging.log4j:log4j-to-slf4j:jar:2.12.1:compile
[INFO] |  |  |  \- org.apache.logging.log4j:log4j-api:jar:2.12.1:compile
[INFO] |  |  \- org.slf4j:jul-to-slf4j:jar:1.7.30:compile
[INFO] |  +- jakarta.annotation:jakarta.annotation-api:jar:1.3.5:compile
[INFO] |  +- org.springframework:spring-core:jar:5.2.4.RELEASE:compile
[INFO] |  |  \- org.springframework:spring-jcl:jar:5.2.4.RELEASE:compile
[INFO] |  \- org.yaml:snakeyaml:jar:1.25:runtime
[INFO] +- org.springframework.boot:spring-boot-starter-test:jar:2.2.5.RELEASE:test
[INFO] |  +- org.springframework.boot:spring-boot-test:jar:2.2.5.RELEASE:test
[INFO] |  +- org.springframework.boot:spring-boot-test-autoconfigure:jar:2.2.5.RELEASE:test
[INFO] |  +- com.jayway.jsonpath:json-path:jar:2.4.0:test
[INFO] |  |  +- net.minidev:json-smart:jar:2.3:test
[INFO] |  |  |  \- net.minidev:accessors-smart:jar:1.2:test
[INFO] |  |  |     \- org.ow2.asm:asm:jar:5.0.4:test
[INFO] |  |  \- org.slf4j:slf4j-api:jar:1.7.30:compile
[INFO] |  +- jakarta.xml.bind:jakarta.xml.bind-api:jar:2.3.2:test
[INFO] |  |  \- jakarta.activation:jakarta.activation-api:jar:1.2.2:test
[INFO] |  +- org.junit.jupiter:junit-jupiter:jar:5.5.2:test
[INFO] |  |  +- org.junit.jupiter:junit-jupiter-api:jar:5.5.2:test
[INFO] |  |  |  +- org.apiguardian:apiguardian-api:jar:1.1.0:test
[INFO] |  |  |  +- org.opentest4j:opentest4j:jar:1.2.0:test
[INFO] |  |  |  \- org.junit.platform:junit-platform-commons:jar:1.5.2:test
[INFO] |  |  +- org.junit.jupiter:junit-jupiter-params:jar:5.5.2:test
[INFO] |  |  \- org.junit.jupiter:junit-jupiter-engine:jar:5.5.2:test
[INFO] |  |     \- org.junit.platform:junit-platform-engine:jar:1.5.2:test
[INFO] |  +- org.mockito:mockito-junit-jupiter:jar:3.1.0:test
[INFO] |  +- org.assertj:assertj-core:jar:3.13.2:test
[INFO] |  +- org.hamcrest:hamcrest:jar:2.1:test
[INFO] |  +- org.mockito:mockito-core:jar:3.1.0:test
[INFO] |  |  +- net.bytebuddy:byte-buddy:jar:1.10.8:test
[INFO] |  |  \- net.bytebuddy:byte-buddy-agent:jar:1.10.8:test
[INFO] |  +- org.skyscreamer:jsonassert:jar:1.5.0:test
[INFO] |  |  \- com.vaadin.external.google:android-json:jar:0.0.20131108.vaadin1:test
[INFO] |  +- org.springframework:spring-test:jar:5.2.4.RELEASE:test
[INFO] |  \- org.xmlunit:xmlunit-core:jar:2.6.3:test
[INFO] \- org.awaitility:awaitility:jar:3.1.2:test
[INFO]    +- org.hamcrest:hamcrest-library:jar:2.1:test
[INFO]    +- org.hamcrest:hamcrest-core:jar:2.1:test
[INFO]    \- org.objenesis:objenesis:jar:2.6:test
[INFO] ------------------------------------------------------------------------
[INFO] BUILD SUCCESS
[INFO] ------------------------------------------------------------------------
[INFO] Total time:  3.073 s
[INFO] Finished at: 2020-10-25T21:41:34Z
[INFO] ------------------------------------------------------------------------
