Tue Mar  3 14:45:01 PST 2020 | Tue Mar  3 22:45:01 UTC 2020 | Every 10 minutes #2
Tue Mar  3 14:55:01 PST 2020 | Tue Mar  3 22:55:01 UTC 2020 | Every 10 minutes #2
Tue Mar  3 15:05:01 PST 2020 | Tue Mar  3 23:05:01 UTC 2020 | Every 10 minutes #2
Tue Mar  3 15:15:01 PST 2020 | Tue Mar  3 23:15:01 UTC 2020 | Every 10 minutes #2
Tue Mar  3 15:25:01 PST 2020 | Tue Mar  3 23:25:01 UTC 2020 | Every 10 minutes #2
Tue Mar  3 15:35:01 PST 2020 | Tue Mar  3 23:35:01 UTC 2020 | Every 10 minutes #2
Tue Mar  3 15:45:01 PST 2020 | Tue Mar  3 23:45:01 UTC 2020 | Every 10 minutes #2
Tue Mar  3 15:55:01 PST 2020 | Tue Mar  3 23:55:01 UTC 2020 | Every 10 minutes #2
Tue Mar  3 16:05:01 PST 2020 | Wed Mar  4 00:05:01 UTC 2020 | Every 10 minutes #2
Tue Mar  3 16:15:01 PST 2020 | Wed Mar  4 00:15:02 UTC 2020 | Every 10 minutes #2
Tue Mar  3 16:25:01 PST 2020 | Wed Mar  4 00:25:01 UTC 2020 | Every 10 minutes #2
Tue Mar  3 16:35:01 PST 2020 | Wed Mar  4 00:35:01 UTC 2020 | Every 10 minutes #2
Tue Mar  3 16:45:01 PST 2020 | Wed Mar  4 00:45:01 UTC 2020 | Every 10 minutes #2
Tue Mar  3 16:55:01 PST 2020 | Wed Mar  4 00:55:01 UTC 2020 | Every 10 minutes #2
Tue Mar  3 17:05:01 PST 2020 | Wed Mar  4 01:05:01 UTC 2020 | Every 10 minutes #2
Tue Mar  3 17:15:01 PST 2020 | Wed Mar  4 01:15:01 UTC 2020 | Every 10 minutes #2
Tue Mar  3 17:25:01 PST 2020 | Wed Mar  4 01:25:01 UTC 2020 | Every 10 minutes #2
Tue Mar  3 17:35:01 PST 2020 | Wed Mar  4 01:35:01 UTC 2020 | Every 10 minutes #2
Tue Mar  3 17:45:01 PST 2020 | Wed Mar  4 01:45:01 UTC 2020 | Every 10 minutes #2
Tue Mar  3 17:55:01 PST 2020 | Wed Mar  4 01:55:01 UTC 2020 | Every 10 minutes #2
Tue Mar  3 18:05:01 PST 2020 | Wed Mar  4 02:05:01 UTC 2020 | Every 10 minutes #2
Tue Mar  3 18:15:01 PST 2020 | Wed Mar  4 02:15:01 UTC 2020 | Every 10 minutes #2
Tue Mar  3 18:25:01 PST 2020 | Wed Mar  4 02:25:01 UTC 2020 | Every 10 minutes #2
Tue Mar  3 18:35:01 PST 2020 | Wed Mar  4 02:35:01 UTC 2020 | Every 10 minutes #2
Tue Mar  3 18:45:01 PST 2020 | Wed Mar  4 02:45:01 UTC 2020 | Every 10 minutes #2
Tue Mar  3 18:55:01 PST 2020 | Wed Mar  4 02:55:01 UTC 2020 | Every 10 minutes #2
Tue Mar  3 19:05:01 PST 2020 | Wed Mar  4 03:05:01 UTC 2020 | Every 10 minutes #2
Tue Mar  3 19:15:01 PST 2020 | Wed Mar  4 03:15:01 UTC 2020 | Every 10 minutes #2
Tue Mar  3 19:25:01 PST 2020 | Wed Mar  4 03:25:01 UTC 2020 | Every 10 minutes #2
Tue Mar  3 19:35:01 PST 2020 | Wed Mar  4 03:35:01 UTC 2020 | Every 10 minutes #2
Tue Mar  3 19:45:01 PST 2020 | Wed Mar  4 03:45:01 UTC 2020 | Every 10 minutes #2
Tue Mar  3 19:55:01 PST 2020 | Wed Mar  4 03:55:01 UTC 2020 | Every 10 minutes #2
Tue Mar  3 20:05:01 PST 2020 | Wed Mar  4 04:05:01 UTC 2020 | Every 10 minutes #2
Tue Mar  3 20:15:01 PST 2020 | Wed Mar  4 04:15:01 UTC 2020 | Every 10 minutes #2
Tue Mar  3 20:25:01 PST 2020 | Wed Mar  4 04:25:01 UTC 2020 | Every 10 minutes #2
Tue Mar  3 20:35:01 PST 2020 | Wed Mar  4 04:35:01 UTC 2020 | Every 10 minutes #2
Tue Mar  3 20:45:01 PST 2020 | Wed Mar  4 04:45:01 UTC 2020 | Every 10 minutes #2
Tue Mar  3 20:55:01 PST 2020 | Wed Mar  4 04:55:01 UTC 2020 | Every 10 minutes #2
Tue Mar  3 21:05:01 PST 2020 | Wed Mar  4 05:05:01 UTC 2020 | Every 10 minutes #2
Tue Mar  3 21:15:01 PST 2020 | Wed Mar  4 05:15:01 UTC 2020 | Every 10 minutes #2
Tue Mar  3 21:25:01 PST 2020 | Wed Mar  4 05:25:01 UTC 2020 | Every 10 minutes #2
Tue Mar  3 21:35:01 PST 2020 | Wed Mar  4 05:35:01 UTC 2020 | Every 10 minutes #2
Tue Mar  3 21:45:01 PST 2020 | Wed Mar  4 05:45:01 UTC 2020 | Every 10 minutes #2
Tue Mar  3 21:55:01 PST 2020 | Wed Mar  4 05:55:01 UTC 2020 | Every 10 minutes #2
Tue Mar  3 22:05:01 PST 2020 | Wed Mar  4 06:05:01 UTC 2020 | Every 10 minutes #2
Tue Mar  3 22:15:01 PST 2020 | Wed Mar  4 06:15:01 UTC 2020 | Every 10 minutes #2
Tue Mar  3 22:25:01 PST 2020 | Wed Mar  4 06:25:01 UTC 2020 | Every 10 minutes #2
Tue Mar  3 22:35:01 PST 2020 | Wed Mar  4 06:35:01 UTC 2020 | Every 10 minutes #2
Tue Mar  3 22:45:01 PST 2020 | Wed Mar  4 06:45:01 UTC 2020 | Every 10 minutes #2
Tue Mar  3 22:55:01 PST 2020 | Wed Mar  4 06:55:01 UTC 2020 | Every 10 minutes #2
Tue Mar  3 23:05:01 PST 2020 | Wed Mar  4 07:05:01 UTC 2020 | Every 10 minutes #2
Tue Mar  3 23:15:01 PST 2020 | Wed Mar  4 07:15:01 UTC 2020 | Every 10 minutes #2
Tue Mar  3 23:25:01 PST 2020 | Wed Mar  4 07:25:01 UTC 2020 | Every 10 minutes #2
Tue Mar  3 23:35:01 PST 2020 | Wed Mar  4 07:35:01 UTC 2020 | Every 10 minutes #2
Tue Mar  3 23:45:01 PST 2020 | Wed Mar  4 07:45:01 UTC 2020 | Every 10 minutes #2
Tue Mar  3 23:55:01 PST 2020 | Wed Mar  4 07:55:01 UTC 2020 | Every 10 minutes #2
Wed Mar  4 00:05:01 PST 2020 | Wed Mar  4 08:05:01 UTC 2020 | Every 10 minutes #2
Wed Mar  4 00:15:01 PST 2020 | Wed Mar  4 08:15:01 UTC 2020 | Every 10 minutes #2
Wed Mar  4 00:25:01 PST 2020 | Wed Mar  4 08:25:01 UTC 2020 | Every 10 minutes #2
Wed Mar  4 00:35:01 PST 2020 | Wed Mar  4 08:35:01 UTC 2020 | Every 10 minutes #2
Wed Mar  4 00:45:01 PST 2020 | Wed Mar  4 08:45:01 UTC 2020 | Every 10 minutes #2
Wed Mar  4 00:55:01 PST 2020 | Wed Mar  4 08:55:01 UTC 2020 | Every 10 minutes #2
Wed Mar  4 01:05:01 PST 2020 | Wed Mar  4 09:05:01 UTC 2020 | Every 10 minutes #2
Wed Mar  4 01:15:01 PST 2020 | Wed Mar  4 09:15:01 UTC 2020 | Every 10 minutes #2
Wed Mar  4 01:25:01 PST 2020 | Wed Mar  4 09:25:01 UTC 2020 | Every 10 minutes #2
Wed Mar  4 01:35:01 PST 2020 | Wed Mar  4 09:35:01 UTC 2020 | Every 10 minutes #2
Wed Mar  4 01:45:01 PST 2020 | Wed Mar  4 09:45:01 UTC 2020 | Every 10 minutes #2
Wed Mar  4 01:55:01 PST 2020 | Wed Mar  4 09:55:01 UTC 2020 | Every 10 minutes #2
Wed Mar  4 02:05:01 PST 2020 | Wed Mar  4 10:05:01 UTC 2020 | Every 10 minutes #2
Wed Mar  4 02:15:01 PST 2020 | Wed Mar  4 10:15:01 UTC 2020 | Every 10 minutes #2
Wed Mar  4 02:25:01 PST 2020 | Wed Mar  4 10:25:01 UTC 2020 | Every 10 minutes #2
Wed Mar  4 02:35:01 PST 2020 | Wed Mar  4 10:35:01 UTC 2020 | Every 10 minutes #2
Wed Mar  4 02:45:01 PST 2020 | Wed Mar  4 10:45:01 UTC 2020 | Every 10 minutes #2
Wed Mar  4 02:55:01 PST 2020 | Wed Mar  4 10:55:01 UTC 2020 | Every 10 minutes #2
Wed Mar  4 03:05:01 PST 2020 | Wed Mar  4 11:05:01 UTC 2020 | Every 10 minutes #2
Wed Mar  4 03:15:01 PST 2020 | Wed Mar  4 11:15:01 UTC 2020 | Every 10 minutes #2
Wed Mar  4 03:25:01 PST 2020 | Wed Mar  4 11:25:01 UTC 2020 | Every 10 minutes #2
Wed Mar  4 03:35:01 PST 2020 | Wed Mar  4 11:35:01 UTC 2020 | Every 10 minutes #2
Wed Mar  4 03:45:01 PST 2020 | Wed Mar  4 11:45:01 UTC 2020 | Every 10 minutes #2
Wed Mar  4 03:55:01 PST 2020 | Wed Mar  4 11:55:01 UTC 2020 | Every 10 minutes #2
Wed Mar  4 04:05:01 PST 2020 | Wed Mar  4 12:05:01 UTC 2020 | Every 10 minutes #2
Wed Mar  4 04:15:01 PST 2020 | Wed Mar  4 12:15:01 UTC 2020 | Every 10 minutes #2
Wed Mar  4 04:25:01 PST 2020 | Wed Mar  4 12:25:01 UTC 2020 | Every 10 minutes #2
Wed Mar  4 04:35:01 PST 2020 | Wed Mar  4 12:35:01 UTC 2020 | Every 10 minutes #2
Wed Mar  4 04:45:01 PST 2020 | Wed Mar  4 12:45:01 UTC 2020 | Every 10 minutes #2
Wed Mar  4 04:55:01 PST 2020 | Wed Mar  4 12:55:01 UTC 2020 | Every 10 minutes #2
Wed Mar  4 05:05:01 PST 2020 | Wed Mar  4 13:05:01 UTC 2020 | Every 10 minutes #2
Wed Mar  4 05:15:01 PST 2020 | Wed Mar  4 13:15:01 UTC 2020 | Every 10 minutes #2
Wed Mar  4 05:25:01 PST 2020 | Wed Mar  4 13:25:01 UTC 2020 | Every 10 minutes #2
Wed Mar  4 05:35:01 PST 2020 | Wed Mar  4 13:35:01 UTC 2020 | Every 10 minutes #2
Wed Mar  4 05:45:01 PST 2020 | Wed Mar  4 13:45:01 UTC 2020 | Every 10 minutes #2
Wed Mar  4 05:55:01 PST 2020 | Wed Mar  4 13:55:01 UTC 2020 | Every 10 minutes #2
Wed Mar  4 06:05:01 PST 2020 | Wed Mar  4 14:05:01 UTC 2020 | Every 10 minutes #2
Wed Mar  4 06:15:01 PST 2020 | Wed Mar  4 14:15:01 UTC 2020 | Every 10 minutes #2
Wed Mar  4 06:25:01 PST 2020 | Wed Mar  4 14:25:01 UTC 2020 | Every 10 minutes #2
Wed Mar  4 06:35:01 PST 2020 | Wed Mar  4 14:35:01 UTC 2020 | Every 10 minutes #2
Wed Mar  4 06:45:01 PST 2020 | Wed Mar  4 14:45:01 UTC 2020 | Every 10 minutes #2
Wed Mar  4 06:55:01 PST 2020 | Wed Mar  4 14:55:01 UTC 2020 | Every 10 minutes #2
Wed Mar  4 07:05:01 PST 2020 | Wed Mar  4 15:05:01 UTC 2020 | Every 10 minutes #2
Wed Mar  4 07:15:01 PST 2020 | Wed Mar  4 15:15:01 UTC 2020 | Every 10 minutes #2
Wed Mar  4 07:25:01 PST 2020 | Wed Mar  4 15:25:01 UTC 2020 | Every 10 minutes #2
Wed Mar  4 07:35:01 PST 2020 | Wed Mar  4 15:35:01 UTC 2020 | Every 10 minutes #2
Wed Mar  4 07:45:01 PST 2020 | Wed Mar  4 15:45:01 UTC 2020 | Every 10 minutes #2
Wed Mar  4 07:55:01 PST 2020 | Wed Mar  4 15:55:01 UTC 2020 | Every 10 minutes #2
Wed Mar  4 08:05:01 PST 2020 | Wed Mar  4 16:05:01 UTC 2020 | Every 10 minutes #2
Wed Mar  4 08:15:01 PST 2020 | Wed Mar  4 16:15:01 UTC 2020 | Every 10 minutes #2
Wed Mar  4 08:25:01 PST 2020 | Wed Mar  4 16:25:01 UTC 2020 | Every 10 minutes #2
Wed Mar  4 08:35:01 PST 2020 | Wed Mar  4 16:35:01 UTC 2020 | Every 10 minutes #2
Wed Mar  4 08:45:01 PST 2020 | Wed Mar  4 16:45:01 UTC 2020 | Every 10 minutes #2
Wed Mar  4 08:55:01 PST 2020 | Wed Mar  4 16:55:01 UTC 2020 | Every 10 minutes #2
Wed Mar  4 09:05:01 PST 2020 | Wed Mar  4 17:05:01 UTC 2020 | Every 10 minutes #2
Wed Mar  4 09:15:01 PST 2020 | Wed Mar  4 17:15:01 UTC 2020 | Every 10 minutes #2
Wed Mar  4 09:25:01 PST 2020 | Wed Mar  4 17:25:01 UTC 2020 | Every 10 minutes #2
Wed Mar  4 09:35:01 PST 2020 | Wed Mar  4 17:35:01 UTC 2020 | Every 10 minutes #2
Wed Mar  4 09:45:01 PST 2020 | Wed Mar  4 17:45:01 UTC 2020 | Every 10 minutes #2
Wed Mar  4 09:55:01 PST 2020 | Wed Mar  4 17:55:01 UTC 2020 | Every 10 minutes #2
Wed Mar  4 10:05:01 PST 2020 | Wed Mar  4 18:05:01 UTC 2020 | Every 10 minutes #2
Wed Mar  4 10:15:01 PST 2020 | Wed Mar  4 18:15:01 UTC 2020 | Every 10 minutes #2
Wed Mar  4 10:25:01 PST 2020 | Wed Mar  4 18:25:01 UTC 2020 | Every 10 minutes #2
Wed Mar  4 10:35:01 PST 2020 | Wed Mar  4 18:35:01 UTC 2020 | Every 10 minutes #2
Wed Mar  4 10:45:01 PST 2020 | Wed Mar  4 18:45:01 UTC 2020 | Every 10 minutes #2
Wed Mar  4 10:55:01 PST 2020 | Wed Mar  4 18:55:01 UTC 2020 | Every 10 minutes #2
Wed Mar  4 11:05:01 PST 2020 | Wed Mar  4 19:05:01 UTC 2020 | Every 10 minutes #2
Wed Mar  4 11:15:01 PST 2020 | Wed Mar  4 19:15:01 UTC 2020 | Every 10 minutes #2
Wed Mar  4 11:25:01 PST 2020 | Wed Mar  4 19:25:01 UTC 2020 | Every 10 minutes #2
Wed Mar  4 11:35:01 PST 2020 | Wed Mar  4 19:35:01 UTC 2020 | Every 10 minutes #2
Wed Mar  4 11:45:01 PST 2020 | Wed Mar  4 19:45:01 UTC 2020 | Every 10 minutes #2
Wed Mar  4 11:55:01 PST 2020 | Wed Mar  4 19:55:01 UTC 2020 | Every 10 minutes #2
Wed Mar  4 12:05:01 PST 2020 | Wed Mar  4 20:05:01 UTC 2020 | Every 10 minutes #2
Wed Mar  4 12:15:01 PST 2020 | Wed Mar  4 20:15:01 UTC 2020 | Every 10 minutes #2
Wed Mar  4 12:25:01 PST 2020 | Wed Mar  4 20:25:01 UTC 2020 | Every 10 minutes #2
Wed Mar  4 12:35:02 PST 2020 | Wed Mar  4 20:35:02 UTC 2020 | Every 10 minutes #2
Wed Mar  4 12:45:01 PST 2020 | Wed Mar  4 20:45:01 UTC 2020 | Every 10 minutes #2
Wed Mar  4 12:55:01 PST 2020 | Wed Mar  4 20:55:01 UTC 2020 | Every 10 minutes #2
Wed Mar  4 13:05:01 PST 2020 | Wed Mar  4 21:05:01 UTC 2020 | Every 10 minutes #2
Wed Mar  4 13:15:01 PST 2020 | Wed Mar  4 21:15:01 UTC 2020 | Every 10 minutes #2
Wed Mar  4 13:25:01 PST 2020 | Wed Mar  4 21:25:01 UTC 2020 | Every 10 minutes #2
Wed Mar  4 13:35:01 PST 2020 | Wed Mar  4 21:35:01 UTC 2020 | Every 10 minutes #2
Wed Mar  4 13:45:01 PST 2020 | Wed Mar  4 21:45:01 UTC 2020 | Every 10 minutes #2
Wed Mar  4 13:55:01 PST 2020 | Wed Mar  4 21:55:01 UTC 2020 | Every 10 minutes #2
Wed Mar  4 14:05:01 PST 2020 | Wed Mar  4 22:05:01 UTC 2020 | Every 10 minutes #2
Wed Mar  4 14:15:01 PST 2020 | Wed Mar  4 22:15:01 UTC 2020 | Every 10 minutes #2
Wed Mar  4 14:25:01 PST 2020 | Wed Mar  4 22:25:01 UTC 2020 | Every 10 minutes #2
Wed Mar  4 14:35:01 PST 2020 | Wed Mar  4 22:35:01 UTC 2020 | Every 10 minutes #2
Wed Mar  4 14:45:01 PST 2020 | Wed Mar  4 22:45:01 UTC 2020 | Every 10 minutes #2
Wed Mar  4 14:55:01 PST 2020 | Wed Mar  4 22:55:01 UTC 2020 | Every 10 minutes #2
Wed Mar  4 15:05:01 PST 2020 | Wed Mar  4 23:05:01 UTC 2020 | Every 10 minutes #2
Wed Mar  4 15:15:01 PST 2020 | Wed Mar  4 23:15:01 UTC 2020 | Every 10 minutes #2
Wed Mar  4 15:25:01 PST 2020 | Wed Mar  4 23:25:01 UTC 2020 | Every 10 minutes #2
Wed Mar  4 15:35:01 PST 2020 | Wed Mar  4 23:35:01 UTC 2020 | Every 10 minutes #2
Wed Mar  4 15:45:01 PST 2020 | Wed Mar  4 23:45:01 UTC 2020 | Every 10 minutes #2
Wed Mar  4 15:55:01 PST 2020 | Wed Mar  4 23:55:01 UTC 2020 | Every 10 minutes #2
Wed Mar  4 16:05:01 PST 2020 | Thu Mar  5 00:05:01 UTC 2020 | Every 10 minutes #2
Wed Mar  4 16:15:01 PST 2020 | Thu Mar  5 00:15:01 UTC 2020 | Every 10 minutes #2
Wed Mar  4 16:25:01 PST 2020 | Thu Mar  5 00:25:01 UTC 2020 | Every 10 minutes #2
Wed Mar  4 16:35:01 PST 2020 | Thu Mar  5 00:35:01 UTC 2020 | Every 10 minutes #2
Wed Mar  4 16:45:01 PST 2020 | Thu Mar  5 00:45:01 UTC 2020 | Every 10 minutes #2
Wed Mar  4 16:55:01 PST 2020 | Thu Mar  5 00:55:01 UTC 2020 | Every 10 minutes #2
Wed Mar  4 17:05:01 PST 2020 | Thu Mar  5 01:05:01 UTC 2020 | Every 10 minutes #2
Wed Mar  4 17:15:01 PST 2020 | Thu Mar  5 01:15:01 UTC 2020 | Every 10 minutes #2
Wed Mar  4 17:25:01 PST 2020 | Thu Mar  5 01:25:01 UTC 2020 | Every 10 minutes #2
Wed Mar  4 17:35:01 PST 2020 | Thu Mar  5 01:35:01 UTC 2020 | Every 10 minutes #2
Wed Mar  4 17:45:01 PST 2020 | Thu Mar  5 01:45:01 UTC 2020 | Every 10 minutes #2
Wed Mar  4 17:55:01 PST 2020 | Thu Mar  5 01:55:01 UTC 2020 | Every 10 minutes #2
Wed Mar  4 18:05:01 PST 2020 | Thu Mar  5 02:05:01 UTC 2020 | Every 10 minutes #2
Wed Mar  4 18:15:01 PST 2020 | Thu Mar  5 02:15:01 UTC 2020 | Every 10 minutes #2
Wed Mar  4 18:25:01 PST 2020 | Thu Mar  5 02:25:01 UTC 2020 | Every 10 minutes #2
Wed Mar  4 18:35:02 PST 2020 | Thu Mar  5 02:35:02 UTC 2020 | Every 10 minutes #2
Wed Mar  4 18:45:01 PST 2020 | Thu Mar  5 02:45:01 UTC 2020 | Every 10 minutes #2
Wed Mar  4 18:55:01 PST 2020 | Thu Mar  5 02:55:01 UTC 2020 | Every 10 minutes #2
Wed Mar  4 19:05:01 PST 2020 | Thu Mar  5 03:05:01 UTC 2020 | Every 10 minutes #2
Wed Mar  4 19:15:01 PST 2020 | Thu Mar  5 03:15:01 UTC 2020 | Every 10 minutes #2
Wed Mar  4 19:25:01 PST 2020 | Thu Mar  5 03:25:01 UTC 2020 | Every 10 minutes #2
Wed Mar  4 19:35:01 PST 2020 | Thu Mar  5 03:35:01 UTC 2020 | Every 10 minutes #2
Wed Mar  4 19:45:01 PST 2020 | Thu Mar  5 03:45:01 UTC 2020 | Every 10 minutes #2
Wed Mar  4 19:55:01 PST 2020 | Thu Mar  5 03:55:01 UTC 2020 | Every 10 minutes #2
Wed Mar  4 20:05:01 PST 2020 | Thu Mar  5 04:05:01 UTC 2020 | Every 10 minutes #2
Wed Mar  4 20:15:01 PST 2020 | Thu Mar  5 04:15:01 UTC 2020 | Every 10 minutes #2
Wed Mar  4 20:25:01 PST 2020 | Thu Mar  5 04:25:01 UTC 2020 | Every 10 minutes #2
Wed Mar  4 20:35:01 PST 2020 | Thu Mar  5 04:35:01 UTC 2020 | Every 10 minutes #2
Wed Mar  4 20:45:01 PST 2020 | Thu Mar  5 04:45:01 UTC 2020 | Every 10 minutes #2
Wed Mar  4 20:55:01 PST 2020 | Thu Mar  5 04:55:01 UTC 2020 | Every 10 minutes #2
Wed Mar  4 21:05:01 PST 2020 | Thu Mar  5 05:05:01 UTC 2020 | Every 10 minutes #2
Wed Mar  4 21:15:01 PST 2020 | Thu Mar  5 05:15:01 UTC 2020 | Every 10 minutes #2
Wed Mar  4 21:25:01 PST 2020 | Thu Mar  5 05:25:01 UTC 2020 | Every 10 minutes #2
Wed Mar  4 21:35:02 PST 2020 | Thu Mar  5 05:35:02 UTC 2020 | Every 10 minutes #2
Wed Mar  4 21:45:01 PST 2020 | Thu Mar  5 05:45:01 UTC 2020 | Every 10 minutes #2
Wed Mar  4 21:55:01 PST 2020 | Thu Mar  5 05:55:01 UTC 2020 | Every 10 minutes #2
Wed Mar  4 22:05:01 PST 2020 | Thu Mar  5 06:05:01 UTC 2020 | Every 10 minutes #2
Wed Mar  4 22:15:01 PST 2020 | Thu Mar  5 06:15:01 UTC 2020 | Every 10 minutes #2
Wed Mar  4 22:25:01 PST 2020 | Thu Mar  5 06:25:01 UTC 2020 | Every 10 minutes #2
Wed Mar  4 22:35:01 PST 2020 | Thu Mar  5 06:35:01 UTC 2020 | Every 10 minutes #2
Wed Mar  4 22:45:01 PST 2020 | Thu Mar  5 06:45:01 UTC 2020 | Every 10 minutes #2
Wed Mar  4 22:55:01 PST 2020 | Thu Mar  5 06:55:01 UTC 2020 | Every 10 minutes #2
Wed Mar  4 23:05:01 PST 2020 | Thu Mar  5 07:05:01 UTC 2020 | Every 10 minutes #2
Wed Mar  4 23:15:01 PST 2020 | Thu Mar  5 07:15:01 UTC 2020 | Every 10 minutes #2
Wed Mar  4 23:25:01 PST 2020 | Thu Mar  5 07:25:01 UTC 2020 | Every 10 minutes #2
Wed Mar  4 23:35:01 PST 2020 | Thu Mar  5 07:35:01 UTC 2020 | Every 10 minutes #2
Wed Mar  4 23:45:01 PST 2020 | Thu Mar  5 07:45:01 UTC 2020 | Every 10 minutes #2
Wed Mar  4 23:55:01 PST 2020 | Thu Mar  5 07:55:01 UTC 2020 | Every 10 minutes #2
Thu Mar  5 00:05:01 PST 2020 | Thu Mar  5 08:05:01 UTC 2020 | Every 10 minutes #2
Thu Mar  5 00:15:01 PST 2020 | Thu Mar  5 08:15:01 UTC 2020 | Every 10 minutes #2
Thu Mar  5 00:25:02 PST 2020 | Thu Mar  5 08:25:02 UTC 2020 | Every 10 minutes #2
Thu Mar  5 00:35:01 PST 2020 | Thu Mar  5 08:35:01 UTC 2020 | Every 10 minutes #2
Thu Mar  5 00:45:01 PST 2020 | Thu Mar  5 08:45:01 UTC 2020 | Every 10 minutes #2
Thu Mar  5 00:55:01 PST 2020 | Thu Mar  5 08:55:01 UTC 2020 | Every 10 minutes #2
Thu Mar  5 01:05:01 PST 2020 | Thu Mar  5 09:05:01 UTC 2020 | Every 10 minutes #2
Thu Mar  5 01:15:01 PST 2020 | Thu Mar  5 09:15:01 UTC 2020 | Every 10 minutes #2
Thu Mar  5 01:25:01 PST 2020 | Thu Mar  5 09:25:01 UTC 2020 | Every 10 minutes #2
Thu Mar  5 01:35:01 PST 2020 | Thu Mar  5 09:35:01 UTC 2020 | Every 10 minutes #2
Thu Mar  5 01:45:01 PST 2020 | Thu Mar  5 09:45:01 UTC 2020 | Every 10 minutes #2
Thu Mar  5 01:55:01 PST 2020 | Thu Mar  5 09:55:01 UTC 2020 | Every 10 minutes #2
Thu Mar  5 02:05:01 PST 2020 | Thu Mar  5 10:05:01 UTC 2020 | Every 10 minutes #2
Thu Mar  5 02:15:01 PST 2020 | Thu Mar  5 10:15:01 UTC 2020 | Every 10 minutes #2
Thu Mar  5 02:25:01 PST 2020 | Thu Mar  5 10:25:01 UTC 2020 | Every 10 minutes #2
Thu Mar  5 02:35:01 PST 2020 | Thu Mar  5 10:35:01 UTC 2020 | Every 10 minutes #2
Thu Mar  5 02:45:01 PST 2020 | Thu Mar  5 10:45:01 UTC 2020 | Every 10 minutes #2
Thu Mar  5 02:55:01 PST 2020 | Thu Mar  5 10:55:01 UTC 2020 | Every 10 minutes #2
Thu Mar  5 03:05:01 PST 2020 | Thu Mar  5 11:05:01 UTC 2020 | Every 10 minutes #2
Thu Mar  5 03:15:01 PST 2020 | Thu Mar  5 11:15:01 UTC 2020 | Every 10 minutes #2
Thu Mar  5 03:25:01 PST 2020 | Thu Mar  5 11:25:01 UTC 2020 | Every 10 minutes #2
Thu Mar  5 03:35:01 PST 2020 | Thu Mar  5 11:35:01 UTC 2020 | Every 10 minutes #2
Thu Mar  5 03:45:01 PST 2020 | Thu Mar  5 11:45:01 UTC 2020 | Every 10 minutes #2
Thu Mar  5 03:55:01 PST 2020 | Thu Mar  5 11:55:01 UTC 2020 | Every 10 minutes #2
Thu Mar  5 04:05:01 PST 2020 | Thu Mar  5 12:05:01 UTC 2020 | Every 10 minutes #2
Thu Mar  5 04:15:01 PST 2020 | Thu Mar  5 12:15:01 UTC 2020 | Every 10 minutes #2
Thu Mar  5 04:25:01 PST 2020 | Thu Mar  5 12:25:01 UTC 2020 | Every 10 minutes #2
Thu Mar  5 04:35:01 PST 2020 | Thu Mar  5 12:35:01 UTC 2020 | Every 10 minutes #2
Thu Mar  5 04:45:01 PST 2020 | Thu Mar  5 12:45:01 UTC 2020 | Every 10 minutes #2
Thu Mar  5 04:55:01 PST 2020 | Thu Mar  5 12:55:01 UTC 2020 | Every 10 minutes #2
Thu Mar  5 05:05:01 PST 2020 | Thu Mar  5 13:05:01 UTC 2020 | Every 10 minutes #2
Thu Mar  5 05:15:01 PST 2020 | Thu Mar  5 13:15:01 UTC 2020 | Every 10 minutes #2
Thu Mar  5 05:25:01 PST 2020 | Thu Mar  5 13:25:01 UTC 2020 | Every 10 minutes #2
Thu Mar  5 05:35:01 PST 2020 | Thu Mar  5 13:35:01 UTC 2020 | Every 10 minutes #2
Thu Mar  5 05:45:01 PST 2020 | Thu Mar  5 13:45:01 UTC 2020 | Every 10 minutes #2
Thu Mar  5 05:55:01 PST 2020 | Thu Mar  5 13:55:01 UTC 2020 | Every 10 minutes #2
Thu Mar  5 06:05:01 PST 2020 | Thu Mar  5 14:05:01 UTC 2020 | Every 10 minutes #2
Thu Mar  5 06:15:01 PST 2020 | Thu Mar  5 14:15:01 UTC 2020 | Every 10 minutes #2
Thu Mar  5 06:25:01 PST 2020 | Thu Mar  5 14:25:01 UTC 2020 | Every 10 minutes #2
Thu Mar  5 06:35:01 PST 2020 | Thu Mar  5 14:35:01 UTC 2020 | Every 10 minutes #2
Thu Mar  5 06:45:01 PST 2020 | Thu Mar  5 14:45:01 UTC 2020 | Every 10 minutes #2
Thu Mar  5 06:55:01 PST 2020 | Thu Mar  5 14:55:01 UTC 2020 | Every 10 minutes #2
Thu Mar  5 07:05:01 PST 2020 | Thu Mar  5 15:05:01 UTC 2020 | Every 10 minutes #2
Thu Mar  5 07:15:01 PST 2020 | Thu Mar  5 15:15:01 UTC 2020 | Every 10 minutes #2
Thu Mar  5 07:25:01 PST 2020 | Thu Mar  5 15:25:01 UTC 2020 | Every 10 minutes #2
Thu Mar  5 07:35:01 PST 2020 | Thu Mar  5 15:35:01 UTC 2020 | Every 10 minutes #2
Thu Mar  5 07:45:01 PST 2020 | Thu Mar  5 15:45:01 UTC 2020 | Every 10 minutes #2
Thu Mar  5 07:55:01 PST 2020 | Thu Mar  5 15:55:01 UTC 2020 | Every 10 minutes #2
Thu Mar  5 08:05:01 PST 2020 | Thu Mar  5 16:05:01 UTC 2020 | Every 10 minutes #2
Thu Mar  5 08:15:01 PST 2020 | Thu Mar  5 16:15:01 UTC 2020 | Every 10 minutes #2
Thu Mar  5 08:25:01 PST 2020 | Thu Mar  5 16:25:01 UTC 2020 | Every 10 minutes #2
Thu Mar  5 08:35:01 PST 2020 | Thu Mar  5 16:35:01 UTC 2020 | Every 10 minutes #2
Thu Mar  5 08:45:01 PST 2020 | Thu Mar  5 16:45:01 UTC 2020 | Every 10 minutes #2
Thu Mar  5 08:55:01 PST 2020 | Thu Mar  5 16:55:01 UTC 2020 | Every 10 minutes #2
Thu Mar  5 09:05:02 PST 2020 | Thu Mar  5 17:05:02 UTC 2020 | Every 10 minutes #2
Thu Mar  5 09:15:01 PST 2020 | Thu Mar  5 17:15:01 UTC 2020 | Every 10 minutes #2
Thu Mar  5 09:25:01 PST 2020 | Thu Mar  5 17:25:01 UTC 2020 | Every 10 minutes #2
Thu Mar  5 09:35:01 PST 2020 | Thu Mar  5 17:35:01 UTC 2020 | Every 10 minutes #2
Thu Mar  5 09:45:01 PST 2020 | Thu Mar  5 17:45:01 UTC 2020 | Every 10 minutes #2
Thu Mar  5 09:55:01 PST 2020 | Thu Mar  5 17:55:01 UTC 2020 | Every 10 minutes #2
Thu Mar  5 10:05:01 PST 2020 | Thu Mar  5 18:05:01 UTC 2020 | Every 10 minutes #2
Thu Mar  5 10:15:01 PST 2020 | Thu Mar  5 18:15:01 UTC 2020 | Every 10 minutes #2
Thu Mar  5 10:25:01 PST 2020 | Thu Mar  5 18:25:01 UTC 2020 | Every 10 minutes #2
Thu Mar  5 10:35:01 PST 2020 | Thu Mar  5 18:35:01 UTC 2020 | Every 10 minutes #2
Thu Mar  5 10:45:01 PST 2020 | Thu Mar  5 18:45:01 UTC 2020 | Every 10 minutes #2
Thu Mar  5 10:55:01 PST 2020 | Thu Mar  5 18:55:01 UTC 2020 | Every 10 minutes #2
Thu Mar  5 11:05:01 PST 2020 | Thu Mar  5 19:05:01 UTC 2020 | Every 10 minutes #2
Thu Mar  5 11:15:01 PST 2020 | Thu Mar  5 19:15:01 UTC 2020 | Every 10 minutes #2
Thu Mar  5 11:25:01 PST 2020 | Thu Mar  5 19:25:01 UTC 2020 | Every 10 minutes #2
Thu Mar  5 11:35:01 PST 2020 | Thu Mar  5 19:35:01 UTC 2020 | Every 10 minutes #2
Thu Mar  5 11:45:01 PST 2020 | Thu Mar  5 19:45:01 UTC 2020 | Every 10 minutes #2
Thu Mar  5 11:55:01 PST 2020 | Thu Mar  5 19:55:01 UTC 2020 | Every 10 minutes #2
Thu Mar  5 12:05:01 PST 2020 | Thu Mar  5 20:05:01 UTC 2020 | Every 10 minutes #2
Thu Mar  5 12:15:01 PST 2020 | Thu Mar  5 20:15:01 UTC 2020 | Every 10 minutes #2
Thu Mar  5 12:25:01 PST 2020 | Thu Mar  5 20:25:01 UTC 2020 | Every 10 minutes #2
Thu Mar  5 12:35:01 PST 2020 | Thu Mar  5 20:35:01 UTC 2020 | Every 10 minutes #2
Thu Mar  5 12:45:01 PST 2020 | Thu Mar  5 20:45:01 UTC 2020 | Every 10 minutes #2
Thu Mar  5 12:55:01 PST 2020 | Thu Mar  5 20:55:01 UTC 2020 | Every 10 minutes #2
Thu Mar  5 13:05:01 PST 2020 | Thu Mar  5 21:05:01 UTC 2020 | Every 10 minutes #2
Thu Mar  5 13:15:01 PST 2020 | Thu Mar  5 21:15:01 UTC 2020 | Every 10 minutes #2
Thu Mar  5 13:25:01 PST 2020 | Thu Mar  5 21:25:01 UTC 2020 | Every 10 minutes #2
Thu Mar  5 13:35:01 PST 2020 | Thu Mar  5 21:35:01 UTC 2020 | Every 10 minutes #2
Thu Mar  5 13:45:01 PST 2020 | Thu Mar  5 21:45:01 UTC 2020 | Every 10 minutes #2
Thu Mar  5 13:55:01 PST 2020 | Thu Mar  5 21:55:01 UTC 2020 | Every 10 minutes #2
Thu Mar  5 14:05:01 PST 2020 | Thu Mar  5 22:05:01 UTC 2020 | Every 10 minutes #2
Thu Mar  5 14:15:01 PST 2020 | Thu Mar  5 22:15:01 UTC 2020 | Every 10 minutes #2
Thu Mar  5 14:25:01 PST 2020 | Thu Mar  5 22:25:01 UTC 2020 | Every 10 minutes #2
Thu Mar  5 14:35:01 PST 2020 | Thu Mar  5 22:35:01 UTC 2020 | Every 10 minutes #2
Thu Mar  5 14:45:01 PST 2020 | Thu Mar  5 22:45:01 UTC 2020 | Every 10 minutes #2
Thu Mar  5 14:55:01 PST 2020 | Thu Mar  5 22:55:01 UTC 2020 | Every 10 minutes #2
Thu Mar  5 15:05:01 PST 2020 | Thu Mar  5 23:05:01 UTC 2020 | Every 10 minutes #2
Thu Mar  5 15:15:01 PST 2020 | Thu Mar  5 23:15:01 UTC 2020 | Every 10 minutes #2
Thu Mar  5 15:25:01 PST 2020 | Thu Mar  5 23:25:01 UTC 2020 | Every 10 minutes #2
Thu Mar  5 15:35:01 PST 2020 | Thu Mar  5 23:35:01 UTC 2020 | Every 10 minutes #2
Thu Mar  5 15:45:01 PST 2020 | Thu Mar  5 23:45:01 UTC 2020 | Every 10 minutes #2
Thu Mar  5 15:55:01 PST 2020 | Thu Mar  5 23:55:01 UTC 2020 | Every 10 minutes #2
Thu Mar  5 16:05:01 PST 2020 | Fri Mar  6 00:05:01 UTC 2020 | Every 10 minutes #2
Thu Mar  5 16:15:01 PST 2020 | Fri Mar  6 00:15:01 UTC 2020 | Every 10 minutes #2
Thu Mar  5 16:25:01 PST 2020 | Fri Mar  6 00:25:01 UTC 2020 | Every 10 minutes #2
Thu Mar  5 16:35:01 PST 2020 | Fri Mar  6 00:35:01 UTC 2020 | Every 10 minutes #2
Thu Mar  5 16:45:01 PST 2020 | Fri Mar  6 00:45:01 UTC 2020 | Every 10 minutes #2
Thu Mar  5 16:55:01 PST 2020 | Fri Mar  6 00:55:01 UTC 2020 | Every 10 minutes #2
Thu Mar  5 17:05:01 PST 2020 | Fri Mar  6 01:05:01 UTC 2020 | Every 10 minutes #2
Thu Mar  5 17:15:01 PST 2020 | Fri Mar  6 01:15:01 UTC 2020 | Every 10 minutes #2
Thu Mar  5 17:25:01 PST 2020 | Fri Mar  6 01:25:01 UTC 2020 | Every 10 minutes #2
Thu Mar  5 17:35:01 PST 2020 | Fri Mar  6 01:35:01 UTC 2020 | Every 10 minutes #2
Thu Mar  5 17:45:01 PST 2020 | Fri Mar  6 01:45:01 UTC 2020 | Every 10 minutes #2
Thu Mar  5 17:55:01 PST 2020 | Fri Mar  6 01:55:01 UTC 2020 | Every 10 minutes #2
Thu Mar  5 18:05:01 PST 2020 | Fri Mar  6 02:05:01 UTC 2020 | Every 10 minutes #2
Thu Mar  5 18:15:01 PST 2020 | Fri Mar  6 02:15:01 UTC 2020 | Every 10 minutes #2
Thu Mar  5 18:25:01 PST 2020 | Fri Mar  6 02:25:01 UTC 2020 | Every 10 minutes #2
Thu Mar  5 18:35:01 PST 2020 | Fri Mar  6 02:35:01 UTC 2020 | Every 10 minutes #2
Thu Mar  5 18:45:01 PST 2020 | Fri Mar  6 02:45:01 UTC 2020 | Every 10 minutes #2
Thu Mar  5 18:55:01 PST 2020 | Fri Mar  6 02:55:01 UTC 2020 | Every 10 minutes #2
Thu Mar  5 19:05:01 PST 2020 | Fri Mar  6 03:05:01 UTC 2020 | Every 10 minutes #2
Thu Mar  5 19:15:01 PST 2020 | Fri Mar  6 03:15:01 UTC 2020 | Every 10 minutes #2
Thu Mar  5 19:25:01 PST 2020 | Fri Mar  6 03:25:01 UTC 2020 | Every 10 minutes #2
Thu Mar  5 19:35:01 PST 2020 | Fri Mar  6 03:35:01 UTC 2020 | Every 10 minutes #2
Thu Mar  5 19:45:01 PST 2020 | Fri Mar  6 03:45:01 UTC 2020 | Every 10 minutes #2
Thu Mar  5 19:55:01 PST 2020 | Fri Mar  6 03:55:01 UTC 2020 | Every 10 minutes #2
Thu Mar  5 20:05:01 PST 2020 | Fri Mar  6 04:05:01 UTC 2020 | Every 10 minutes #2
Thu Mar  5 20:15:01 PST 2020 | Fri Mar  6 04:15:01 UTC 2020 | Every 10 minutes #2
Thu Mar  5 20:25:01 PST 2020 | Fri Mar  6 04:25:01 UTC 2020 | Every 10 minutes #2
Thu Mar  5 20:35:01 PST 2020 | Fri Mar  6 04:35:01 UTC 2020 | Every 10 minutes #2
Thu Mar  5 20:45:01 PST 2020 | Fri Mar  6 04:45:01 UTC 2020 | Every 10 minutes #2
Thu Mar  5 20:55:01 PST 2020 | Fri Mar  6 04:55:01 UTC 2020 | Every 10 minutes #2
Thu Mar  5 21:05:01 PST 2020 | Fri Mar  6 05:05:01 UTC 2020 | Every 10 minutes #2
Thu Mar  5 21:15:01 PST 2020 | Fri Mar  6 05:15:01 UTC 2020 | Every 10 minutes #2
Thu Mar  5 21:25:01 PST 2020 | Fri Mar  6 05:25:01 UTC 2020 | Every 10 minutes #2
Thu Mar  5 21:35:01 PST 2020 | Fri Mar  6 05:35:01 UTC 2020 | Every 10 minutes #2
Thu Mar  5 21:45:01 PST 2020 | Fri Mar  6 05:45:01 UTC 2020 | Every 10 minutes #2
Thu Mar  5 21:55:01 PST 2020 | Fri Mar  6 05:55:01 UTC 2020 | Every 10 minutes #2
Thu Mar  5 22:05:01 PST 2020 | Fri Mar  6 06:05:01 UTC 2020 | Every 10 minutes #2
Thu Mar  5 22:15:01 PST 2020 | Fri Mar  6 06:15:01 UTC 2020 | Every 10 minutes #2
Thu Mar  5 22:25:01 PST 2020 | Fri Mar  6 06:25:01 UTC 2020 | Every 10 minutes #2
Thu Mar  5 22:35:01 PST 2020 | Fri Mar  6 06:35:01 UTC 2020 | Every 10 minutes #2
Thu Mar  5 22:45:01 PST 2020 | Fri Mar  6 06:45:01 UTC 2020 | Every 10 minutes #2
Thu Mar  5 22:55:01 PST 2020 | Fri Mar  6 06:55:01 UTC 2020 | Every 10 minutes #2
Thu Mar  5 23:05:01 PST 2020 | Fri Mar  6 07:05:01 UTC 2020 | Every 10 minutes #2
Thu Mar  5 23:15:01 PST 2020 | Fri Mar  6 07:15:01 UTC 2020 | Every 10 minutes #2
Thu Mar  5 23:25:01 PST 2020 | Fri Mar  6 07:25:01 UTC 2020 | Every 10 minutes #2
Thu Mar  5 23:35:01 PST 2020 | Fri Mar  6 07:35:01 UTC 2020 | Every 10 minutes #2
Thu Mar  5 23:45:01 PST 2020 | Fri Mar  6 07:45:01 UTC 2020 | Every 10 minutes #2
Thu Mar  5 23:55:01 PST 2020 | Fri Mar  6 07:55:01 UTC 2020 | Every 10 minutes #2
Fri Mar  6 00:05:01 PST 2020 | Fri Mar  6 08:05:01 UTC 2020 | Every 10 minutes #2
Fri Mar  6 00:15:01 PST 2020 | Fri Mar  6 08:15:01 UTC 2020 | Every 10 minutes #2
Fri Mar  6 00:25:01 PST 2020 | Fri Mar  6 08:25:01 UTC 2020 | Every 10 minutes #2
Fri Mar  6 00:35:01 PST 2020 | Fri Mar  6 08:35:01 UTC 2020 | Every 10 minutes #2
Fri Mar  6 00:45:01 PST 2020 | Fri Mar  6 08:45:01 UTC 2020 | Every 10 minutes #2
Fri Mar  6 00:55:01 PST 2020 | Fri Mar  6 08:55:01 UTC 2020 | Every 10 minutes #2
Fri Mar  6 01:05:01 PST 2020 | Fri Mar  6 09:05:01 UTC 2020 | Every 10 minutes #2
Fri Mar  6 01:15:01 PST 2020 | Fri Mar  6 09:15:01 UTC 2020 | Every 10 minutes #2
Fri Mar  6 01:25:01 PST 2020 | Fri Mar  6 09:25:01 UTC 2020 | Every 10 minutes #2
Fri Mar  6 01:35:01 PST 2020 | Fri Mar  6 09:35:01 UTC 2020 | Every 10 minutes #2
Fri Mar  6 01:45:01 PST 2020 | Fri Mar  6 09:45:01 UTC 2020 | Every 10 minutes #2
Fri Mar  6 01:55:01 PST 2020 | Fri Mar  6 09:55:01 UTC 2020 | Every 10 minutes #2
Fri Mar  6 02:05:01 PST 2020 | Fri Mar  6 10:05:01 UTC 2020 | Every 10 minutes #2
Fri Mar  6 02:15:01 PST 2020 | Fri Mar  6 10:15:01 UTC 2020 | Every 10 minutes #2
Fri Mar  6 02:25:01 PST 2020 | Fri Mar  6 10:25:01 UTC 2020 | Every 10 minutes #2
Fri Mar  6 02:35:01 PST 2020 | Fri Mar  6 10:35:01 UTC 2020 | Every 10 minutes #2
Fri Mar  6 02:45:01 PST 2020 | Fri Mar  6 10:45:01 UTC 2020 | Every 10 minutes #2
Fri Mar  6 02:55:01 PST 2020 | Fri Mar  6 10:55:01 UTC 2020 | Every 10 minutes #2
Fri Mar  6 03:05:01 PST 2020 | Fri Mar  6 11:05:01 UTC 2020 | Every 10 minutes #2
Fri Mar  6 03:15:01 PST 2020 | Fri Mar  6 11:15:01 UTC 2020 | Every 10 minutes #2
Fri Mar  6 03:25:01 PST 2020 | Fri Mar  6 11:25:01 UTC 2020 | Every 10 minutes #2
Fri Mar  6 03:35:01 PST 2020 | Fri Mar  6 11:35:01 UTC 2020 | Every 10 minutes #2
Fri Mar  6 03:45:01 PST 2020 | Fri Mar  6 11:45:01 UTC 2020 | Every 10 minutes #2
Fri Mar  6 03:55:01 PST 2020 | Fri Mar  6 11:55:01 UTC 2020 | Every 10 minutes #2
Fri Mar  6 04:05:01 PST 2020 | Fri Mar  6 12:05:01 UTC 2020 | Every 10 minutes #2
Fri Mar  6 04:15:01 PST 2020 | Fri Mar  6 12:15:01 UTC 2020 | Every 10 minutes #2
Fri Mar  6 04:25:01 PST 2020 | Fri Mar  6 12:25:01 UTC 2020 | Every 10 minutes #2
Fri Mar  6 04:35:01 PST 2020 | Fri Mar  6 12:35:01 UTC 2020 | Every 10 minutes #2
Fri Mar  6 04:45:01 PST 2020 | Fri Mar  6 12:45:01 UTC 2020 | Every 10 minutes #2
Fri Mar  6 04:55:01 PST 2020 | Fri Mar  6 12:55:01 UTC 2020 | Every 10 minutes #2
Fri Mar  6 05:05:01 PST 2020 | Fri Mar  6 13:05:01 UTC 2020 | Every 10 minutes #2
Fri Mar  6 05:15:01 PST 2020 | Fri Mar  6 13:15:01 UTC 2020 | Every 10 minutes #2
Fri Mar  6 05:25:01 PST 2020 | Fri Mar  6 13:25:01 UTC 2020 | Every 10 minutes #2
Fri Mar  6 05:35:01 PST 2020 | Fri Mar  6 13:35:01 UTC 2020 | Every 10 minutes #2
Fri Mar  6 05:45:01 PST 2020 | Fri Mar  6 13:45:01 UTC 2020 | Every 10 minutes #2
Fri Mar  6 05:55:01 PST 2020 | Fri Mar  6 13:55:01 UTC 2020 | Every 10 minutes #2
Fri Mar  6 06:05:01 PST 2020 | Fri Mar  6 14:05:01 UTC 2020 | Every 10 minutes #2
Fri Mar  6 06:15:01 PST 2020 | Fri Mar  6 14:15:01 UTC 2020 | Every 10 minutes #2
Fri Mar  6 06:25:01 PST 2020 | Fri Mar  6 14:25:01 UTC 2020 | Every 10 minutes #2
Fri Mar  6 06:35:01 PST 2020 | Fri Mar  6 14:35:01 UTC 2020 | Every 10 minutes #2
Fri Mar  6 06:45:01 PST 2020 | Fri Mar  6 14:45:01 UTC 2020 | Every 10 minutes #2
Fri Mar  6 06:55:01 PST 2020 | Fri Mar  6 14:55:01 UTC 2020 | Every 10 minutes #2
Fri Mar  6 07:05:01 PST 2020 | Fri Mar  6 15:05:01 UTC 2020 | Every 10 minutes #2
Fri Mar  6 07:15:01 PST 2020 | Fri Mar  6 15:15:01 UTC 2020 | Every 10 minutes #2
Fri Mar  6 07:25:01 PST 2020 | Fri Mar  6 15:25:01 UTC 2020 | Every 10 minutes #2
Fri Mar  6 07:35:02 PST 2020 | Fri Mar  6 15:35:02 UTC 2020 | Every 10 minutes #2
Fri Mar  6 07:45:01 PST 2020 | Fri Mar  6 15:45:01 UTC 2020 | Every 10 minutes #2
Fri Mar  6 07:55:01 PST 2020 | Fri Mar  6 15:55:01 UTC 2020 | Every 10 minutes #2
Fri Mar  6 08:05:01 PST 2020 | Fri Mar  6 16:05:01 UTC 2020 | Every 10 minutes #2
Fri Mar  6 08:15:01 PST 2020 | Fri Mar  6 16:15:01 UTC 2020 | Every 10 minutes #2
Fri Mar  6 08:25:01 PST 2020 | Fri Mar  6 16:25:01 UTC 2020 | Every 10 minutes #2
Fri Mar  6 08:35:01 PST 2020 | Fri Mar  6 16:35:01 UTC 2020 | Every 10 minutes #2
Fri Mar  6 08:45:01 PST 2020 | Fri Mar  6 16:45:01 UTC 2020 | Every 10 minutes #2
Fri Mar  6 08:55:01 PST 2020 | Fri Mar  6 16:55:01 UTC 2020 | Every 10 minutes #2
Fri Mar  6 09:05:01 PST 2020 | Fri Mar  6 17:05:01 UTC 2020 | Every 10 minutes #2
Fri Mar  6 09:15:01 PST 2020 | Fri Mar  6 17:15:01 UTC 2020 | Every 10 minutes #2
Fri Mar  6 09:25:01 PST 2020 | Fri Mar  6 17:25:01 UTC 2020 | Every 10 minutes #2
Fri Mar  6 09:35:01 PST 2020 | Fri Mar  6 17:35:01 UTC 2020 | Every 10 minutes #2
Fri Mar  6 09:45:01 PST 2020 | Fri Mar  6 17:45:01 UTC 2020 | Every 10 minutes #2
Fri Mar  6 09:55:01 PST 2020 | Fri Mar  6 17:55:01 UTC 2020 | Every 10 minutes #2
Fri Mar  6 10:05:01 PST 2020 | Fri Mar  6 18:05:01 UTC 2020 | Every 10 minutes #2
Fri Mar  6 10:15:01 PST 2020 | Fri Mar  6 18:15:01 UTC 2020 | Every 10 minutes #2
Fri Mar  6 10:25:01 PST 2020 | Fri Mar  6 18:25:01 UTC 2020 | Every 10 minutes #2
Fri Mar  6 10:35:01 PST 2020 | Fri Mar  6 18:35:02 UTC 2020 | Every 10 minutes #2
Fri Mar  6 10:45:01 PST 2020 | Fri Mar  6 18:45:01 UTC 2020 | Every 10 minutes #2
Fri Mar  6 10:55:01 PST 2020 | Fri Mar  6 18:55:01 UTC 2020 | Every 10 minutes #2
Fri Mar  6 11:05:01 PST 2020 | Fri Mar  6 19:05:01 UTC 2020 | Every 10 minutes #2
Fri Mar  6 11:15:01 PST 2020 | Fri Mar  6 19:15:01 UTC 2020 | Every 10 minutes #2
Fri Mar  6 11:25:01 PST 2020 | Fri Mar  6 19:25:01 UTC 2020 | Every 10 minutes #2
Fri Mar  6 11:35:01 PST 2020 | Fri Mar  6 19:35:01 UTC 2020 | Every 10 minutes #2
Fri Mar  6 11:45:01 PST 2020 | Fri Mar  6 19:45:01 UTC 2020 | Every 10 minutes #2
Fri Mar  6 11:55:01 PST 2020 | Fri Mar  6 19:55:01 UTC 2020 | Every 10 minutes #2
Fri Mar  6 12:05:01 PST 2020 | Fri Mar  6 20:05:01 UTC 2020 | Every 10 minutes #2
Fri Mar  6 12:15:01 PST 2020 | Fri Mar  6 20:15:01 UTC 2020 | Every 10 minutes #2
Fri Mar  6 12:25:01 PST 2020 | Fri Mar  6 20:25:01 UTC 2020 | Every 10 minutes #2
Fri Mar  6 12:35:01 PST 2020 | Fri Mar  6 20:35:01 UTC 2020 | Every 10 minutes #2
Fri Mar  6 12:45:01 PST 2020 | Fri Mar  6 20:45:01 UTC 2020 | Every 10 minutes #2
Fri Mar  6 12:55:01 PST 2020 | Fri Mar  6 20:55:01 UTC 2020 | Every 10 minutes #2
Fri Mar  6 13:05:01 PST 2020 | Fri Mar  6 21:05:01 UTC 2020 | Every 10 minutes #2
Fri Mar  6 13:15:01 PST 2020 | Fri Mar  6 21:15:01 UTC 2020 | Every 10 minutes #2
Fri Mar  6 13:25:01 PST 2020 | Fri Mar  6 21:25:01 UTC 2020 | Every 10 minutes #2
Fri Mar  6 13:35:01 PST 2020 | Fri Mar  6 21:35:01 UTC 2020 | Every 10 minutes #2
Fri Mar  6 13:45:01 PST 2020 | Fri Mar  6 21:45:01 UTC 2020 | Every 10 minutes #2
Fri Mar  6 13:55:01 PST 2020 | Fri Mar  6 21:55:01 UTC 2020 | Every 10 minutes #2
Fri Mar  6 14:05:01 PST 2020 | Fri Mar  6 22:05:01 UTC 2020 | Every 10 minutes #2
Fri Mar  6 14:15:01 PST 2020 | Fri Mar  6 22:15:01 UTC 2020 | Every 10 minutes #2
Fri Mar  6 14:25:01 PST 2020 | Fri Mar  6 22:25:01 UTC 2020 | Every 10 minutes #2
Fri Mar  6 14:35:01 PST 2020 | Fri Mar  6 22:35:01 UTC 2020 | Every 10 minutes #2
Fri Mar  6 14:45:01 PST 2020 | Fri Mar  6 22:45:01 UTC 2020 | Every 10 minutes #2
Fri Mar  6 14:55:01 PST 2020 | Fri Mar  6 22:55:01 UTC 2020 | Every 10 minutes #2
Fri Mar  6 15:05:01 PST 2020 | Fri Mar  6 23:05:01 UTC 2020 | Every 10 minutes #2
Fri Mar  6 15:15:01 PST 2020 | Fri Mar  6 23:15:01 UTC 2020 | Every 10 minutes #2
Fri Mar  6 15:25:01 PST 2020 | Fri Mar  6 23:25:01 UTC 2020 | Every 10 minutes #2
Fri Mar  6 15:35:01 PST 2020 | Fri Mar  6 23:35:01 UTC 2020 | Every 10 minutes #2
Fri Mar  6 15:45:01 PST 2020 | Fri Mar  6 23:45:01 UTC 2020 | Every 10 minutes #2
Fri Mar  6 15:55:01 PST 2020 | Fri Mar  6 23:55:01 UTC 2020 | Every 10 minutes #2
Fri Mar  6 16:05:01 PST 2020 | Sat Mar  7 00:05:01 UTC 2020 | Every 10 minutes #2
Fri Mar  6 16:15:01 PST 2020 | Sat Mar  7 00:15:01 UTC 2020 | Every 10 minutes #2
Fri Mar  6 16:25:01 PST 2020 | Sat Mar  7 00:25:01 UTC 2020 | Every 10 minutes #2
Fri Mar  6 16:35:01 PST 2020 | Sat Mar  7 00:35:01 UTC 2020 | Every 10 minutes #2
Fri Mar  6 16:45:01 PST 2020 | Sat Mar  7 00:45:02 UTC 2020 | Every 10 minutes #2
Fri Mar  6 16:55:01 PST 2020 | Sat Mar  7 00:55:01 UTC 2020 | Every 10 minutes #2
Fri Mar  6 17:05:01 PST 2020 | Sat Mar  7 01:05:01 UTC 2020 | Every 10 minutes #2
Fri Mar  6 17:15:01 PST 2020 | Sat Mar  7 01:15:01 UTC 2020 | Every 10 minutes #2
Fri Mar  6 17:25:01 PST 2020 | Sat Mar  7 01:25:01 UTC 2020 | Every 10 minutes #2
Fri Mar  6 17:35:01 PST 2020 | Sat Mar  7 01:35:01 UTC 2020 | Every 10 minutes #2
Fri Mar  6 17:45:01 PST 2020 | Sat Mar  7 01:45:01 UTC 2020 | Every 10 minutes #2
Fri Mar  6 17:55:01 PST 2020 | Sat Mar  7 01:55:01 UTC 2020 | Every 10 minutes #2
Fri Mar  6 18:05:01 PST 2020 | Sat Mar  7 02:05:01 UTC 2020 | Every 10 minutes #2
Fri Mar  6 18:15:01 PST 2020 | Sat Mar  7 02:15:01 UTC 2020 | Every 10 minutes #2
Fri Mar  6 18:25:01 PST 2020 | Sat Mar  7 02:25:01 UTC 2020 | Every 10 minutes #2
Fri Mar  6 18:35:01 PST 2020 | Sat Mar  7 02:35:01 UTC 2020 | Every 10 minutes #2
Fri Mar  6 18:45:01 PST 2020 | Sat Mar  7 02:45:01 UTC 2020 | Every 10 minutes #2
Fri Mar  6 18:55:01 PST 2020 | Sat Mar  7 02:55:01 UTC 2020 | Every 10 minutes #2
Fri Mar  6 19:05:01 PST 2020 | Sat Mar  7 03:05:01 UTC 2020 | Every 10 minutes #2
Fri Mar  6 19:15:01 PST 2020 | Sat Mar  7 03:15:01 UTC 2020 | Every 10 minutes #2
Fri Mar  6 19:25:01 PST 2020 | Sat Mar  7 03:25:01 UTC 2020 | Every 10 minutes #2
Fri Mar  6 19:35:01 PST 2020 | Sat Mar  7 03:35:01 UTC 2020 | Every 10 minutes #2
Fri Mar  6 19:45:02 PST 2020 | Sat Mar  7 03:45:02 UTC 2020 | Every 10 minutes #2
Fri Mar  6 19:55:01 PST 2020 | Sat Mar  7 03:55:01 UTC 2020 | Every 10 minutes #2
Fri Mar  6 20:05:01 PST 2020 | Sat Mar  7 04:05:01 UTC 2020 | Every 10 minutes #2
Fri Mar  6 20:15:01 PST 2020 | Sat Mar  7 04:15:01 UTC 2020 | Every 10 minutes #2
Fri Mar  6 20:25:01 PST 2020 | Sat Mar  7 04:25:01 UTC 2020 | Every 10 minutes #2
Fri Mar  6 20:35:01 PST 2020 | Sat Mar  7 04:35:01 UTC 2020 | Every 10 minutes #2
Fri Mar  6 20:45:01 PST 2020 | Sat Mar  7 04:45:01 UTC 2020 | Every 10 minutes #2
Fri Mar  6 20:55:01 PST 2020 | Sat Mar  7 04:55:01 UTC 2020 | Every 10 minutes #2
Fri Mar  6 21:05:01 PST 2020 | Sat Mar  7 05:05:01 UTC 2020 | Every 10 minutes #2
Fri Mar  6 21:15:01 PST 2020 | Sat Mar  7 05:15:01 UTC 2020 | Every 10 minutes #2
Fri Mar  6 21:25:01 PST 2020 | Sat Mar  7 05:25:01 UTC 2020 | Every 10 minutes #2
Fri Mar  6 21:35:01 PST 2020 | Sat Mar  7 05:35:01 UTC 2020 | Every 10 minutes #2
Fri Mar  6 21:45:01 PST 2020 | Sat Mar  7 05:45:01 UTC 2020 | Every 10 minutes #2
Fri Mar  6 21:55:01 PST 2020 | Sat Mar  7 05:55:01 UTC 2020 | Every 10 minutes #2
Fri Mar  6 22:05:01 PST 2020 | Sat Mar  7 06:05:01 UTC 2020 | Every 10 minutes #2
Fri Mar  6 22:15:01 PST 2020 | Sat Mar  7 06:15:01 UTC 2020 | Every 10 minutes #2
Fri Mar  6 22:25:01 PST 2020 | Sat Mar  7 06:25:01 UTC 2020 | Every 10 minutes #2
Fri Mar  6 22:35:01 PST 2020 | Sat Mar  7 06:35:01 UTC 2020 | Every 10 minutes #2
Fri Mar  6 22:45:01 PST 2020 | Sat Mar  7 06:45:01 UTC 2020 | Every 10 minutes #2
Fri Mar  6 22:55:01 PST 2020 | Sat Mar  7 06:55:01 UTC 2020 | Every 10 minutes #2
Fri Mar  6 23:05:02 PST 2020 | Sat Mar  7 07:05:02 UTC 2020 | Every 10 minutes #2
Fri Mar  6 23:15:01 PST 2020 | Sat Mar  7 07:15:01 UTC 2020 | Every 10 minutes #2
Fri Mar  6 23:25:01 PST 2020 | Sat Mar  7 07:25:01 UTC 2020 | Every 10 minutes #2
Fri Mar  6 23:35:01 PST 2020 | Sat Mar  7 07:35:01 UTC 2020 | Every 10 minutes #2
Fri Mar  6 23:45:01 PST 2020 | Sat Mar  7 07:45:01 UTC 2020 | Every 10 minutes #2
Fri Mar  6 23:55:01 PST 2020 | Sat Mar  7 07:55:01 UTC 2020 | Every 10 minutes #2
Sat Mar  7 00:05:01 PST 2020 | Sat Mar  7 08:05:01 UTC 2020 | Every 10 minutes #2
Sat Mar  7 00:15:01 PST 2020 | Sat Mar  7 08:15:01 UTC 2020 | Every 10 minutes #2
Sat Mar  7 00:25:01 PST 2020 | Sat Mar  7 08:25:01 UTC 2020 | Every 10 minutes #2
Sat Mar  7 00:35:01 PST 2020 | Sat Mar  7 08:35:01 UTC 2020 | Every 10 minutes #2
Sat Mar  7 00:45:01 PST 2020 | Sat Mar  7 08:45:01 UTC 2020 | Every 10 minutes #2
Sat Mar  7 00:55:01 PST 2020 | Sat Mar  7 08:55:01 UTC 2020 | Every 10 minutes #2
Sat Mar  7 01:05:01 PST 2020 | Sat Mar  7 09:05:01 UTC 2020 | Every 10 minutes #2
Sat Mar  7 01:15:01 PST 2020 | Sat Mar  7 09:15:01 UTC 2020 | Every 10 minutes #2
Sat Mar  7 01:25:01 PST 2020 | Sat Mar  7 09:25:01 UTC 2020 | Every 10 minutes #2
Sat Mar  7 01:35:01 PST 2020 | Sat Mar  7 09:35:01 UTC 2020 | Every 10 minutes #2
Sat Mar  7 01:45:01 PST 2020 | Sat Mar  7 09:45:01 UTC 2020 | Every 10 minutes #2
Sat Mar  7 01:55:01 PST 2020 | Sat Mar  7 09:55:01 UTC 2020 | Every 10 minutes #2
Sat Mar  7 02:05:01 PST 2020 | Sat Mar  7 10:05:01 UTC 2020 | Every 10 minutes #2
Sat Mar  7 02:15:01 PST 2020 | Sat Mar  7 10:15:01 UTC 2020 | Every 10 minutes #2
Sat Mar  7 02:25:01 PST 2020 | Sat Mar  7 10:25:01 UTC 2020 | Every 10 minutes #2
Sat Mar  7 02:35:01 PST 2020 | Sat Mar  7 10:35:01 UTC 2020 | Every 10 minutes #2
Sat Mar  7 02:45:01 PST 2020 | Sat Mar  7 10:45:01 UTC 2020 | Every 10 minutes #2
Sat Mar  7 02:55:01 PST 2020 | Sat Mar  7 10:55:01 UTC 2020 | Every 10 minutes #2
Sat Mar  7 03:05:01 PST 2020 | Sat Mar  7 11:05:01 UTC 2020 | Every 10 minutes #2
Sat Mar  7 03:15:01 PST 2020 | Sat Mar  7 11:15:01 UTC 2020 | Every 10 minutes #2
Sat Mar  7 03:25:01 PST 2020 | Sat Mar  7 11:25:01 UTC 2020 | Every 10 minutes #2
Sat Mar  7 03:35:01 PST 2020 | Sat Mar  7 11:35:01 UTC 2020 | Every 10 minutes #2
Sat Mar  7 03:45:01 PST 2020 | Sat Mar  7 11:45:01 UTC 2020 | Every 10 minutes #2
Sat Mar  7 03:55:01 PST 2020 | Sat Mar  7 11:55:01 UTC 2020 | Every 10 minutes #2
Sat Mar  7 04:05:01 PST 2020 | Sat Mar  7 12:05:01 UTC 2020 | Every 10 minutes #2
Sat Mar  7 04:15:01 PST 2020 | Sat Mar  7 12:15:01 UTC 2020 | Every 10 minutes #2
Sat Mar  7 04:25:01 PST 2020 | Sat Mar  7 12:25:01 UTC 2020 | Every 10 minutes #2
Sat Mar  7 04:35:01 PST 2020 | Sat Mar  7 12:35:01 UTC 2020 | Every 10 minutes #2
Sat Mar  7 04:45:01 PST 2020 | Sat Mar  7 12:45:01 UTC 2020 | Every 10 minutes #2
Sat Mar  7 04:55:01 PST 2020 | Sat Mar  7 12:55:01 UTC 2020 | Every 10 minutes #2
Sat Mar  7 05:05:01 PST 2020 | Sat Mar  7 13:05:01 UTC 2020 | Every 10 minutes #2
Sat Mar  7 05:15:01 PST 2020 | Sat Mar  7 13:15:01 UTC 2020 | Every 10 minutes #2
Sat Mar  7 05:25:01 PST 2020 | Sat Mar  7 13:25:01 UTC 2020 | Every 10 minutes #2
Sat Mar  7 05:35:01 PST 2020 | Sat Mar  7 13:35:01 UTC 2020 | Every 10 minutes #2
Sat Mar  7 05:45:01 PST 2020 | Sat Mar  7 13:45:01 UTC 2020 | Every 10 minutes #2
Sat Mar  7 05:55:01 PST 2020 | Sat Mar  7 13:55:01 UTC 2020 | Every 10 minutes #2
Sat Mar  7 06:05:01 PST 2020 | Sat Mar  7 14:05:01 UTC 2020 | Every 10 minutes #2
Sat Mar  7 06:15:01 PST 2020 | Sat Mar  7 14:15:01 UTC 2020 | Every 10 minutes #2
Sat Mar  7 06:25:01 PST 2020 | Sat Mar  7 14:25:01 UTC 2020 | Every 10 minutes #2
Sat Mar  7 06:35:01 PST 2020 | Sat Mar  7 14:35:01 UTC 2020 | Every 10 minutes #2
Sat Mar  7 06:45:01 PST 2020 | Sat Mar  7 14:45:01 UTC 2020 | Every 10 minutes #2
Sat Mar  7 06:55:01 PST 2020 | Sat Mar  7 14:55:01 UTC 2020 | Every 10 minutes #2
Sat Mar  7 07:05:01 PST 2020 | Sat Mar  7 15:05:01 UTC 2020 | Every 10 minutes #2
Sat Mar  7 07:15:01 PST 2020 | Sat Mar  7 15:15:01 UTC 2020 | Every 10 minutes #2
Sat Mar  7 07:25:01 PST 2020 | Sat Mar  7 15:25:01 UTC 2020 | Every 10 minutes #2
Sat Mar  7 07:35:01 PST 2020 | Sat Mar  7 15:35:01 UTC 2020 | Every 10 minutes #2
Sat Mar  7 07:45:01 PST 2020 | Sat Mar  7 15:45:01 UTC 2020 | Every 10 minutes #2
Sat Mar  7 07:55:01 PST 2020 | Sat Mar  7 15:55:01 UTC 2020 | Every 10 minutes #2
Sat Mar  7 08:05:01 PST 2020 | Sat Mar  7 16:05:01 UTC 2020 | Every 10 minutes #2
Sat Mar  7 08:15:01 PST 2020 | Sat Mar  7 16:15:01 UTC 2020 | Every 10 minutes #2
Sat Mar  7 08:25:01 PST 2020 | Sat Mar  7 16:25:01 UTC 2020 | Every 10 minutes #2
Sat Mar  7 08:35:01 PST 2020 | Sat Mar  7 16:35:01 UTC 2020 | Every 10 minutes #2
Sat Mar  7 08:45:01 PST 2020 | Sat Mar  7 16:45:01 UTC 2020 | Every 10 minutes #2
Sat Mar  7 08:55:01 PST 2020 | Sat Mar  7 16:55:01 UTC 2020 | Every 10 minutes #2
Sat Mar  7 09:05:01 PST 2020 | Sat Mar  7 17:05:01 UTC 2020 | Every 10 minutes #2
Sat Mar  7 09:15:01 PST 2020 | Sat Mar  7 17:15:01 UTC 2020 | Every 10 minutes #2
Sat Mar  7 09:25:01 PST 2020 | Sat Mar  7 17:25:01 UTC 2020 | Every 10 minutes #2
Sat Mar  7 09:35:01 PST 2020 | Sat Mar  7 17:35:01 UTC 2020 | Every 10 minutes #2
Sat Mar  7 09:45:01 PST 2020 | Sat Mar  7 17:45:01 UTC 2020 | Every 10 minutes #2
Sat Mar  7 09:55:01 PST 2020 | Sat Mar  7 17:55:01 UTC 2020 | Every 10 minutes #2
Sat Mar  7 10:05:01 PST 2020 | Sat Mar  7 18:05:01 UTC 2020 | Every 10 minutes #2
Sat Mar  7 10:15:01 PST 2020 | Sat Mar  7 18:15:01 UTC 2020 | Every 10 minutes #2
Sat Mar  7 10:25:01 PST 2020 | Sat Mar  7 18:25:01 UTC 2020 | Every 10 minutes #2
Sat Mar  7 10:35:01 PST 2020 | Sat Mar  7 18:35:01 UTC 2020 | Every 10 minutes #2
Sat Mar  7 10:45:01 PST 2020 | Sat Mar  7 18:45:01 UTC 2020 | Every 10 minutes #2
Sat Mar  7 10:55:01 PST 2020 | Sat Mar  7 18:55:01 UTC 2020 | Every 10 minutes #2
Sat Mar  7 11:05:01 PST 2020 | Sat Mar  7 19:05:01 UTC 2020 | Every 10 minutes #2
Sat Mar  7 11:15:01 PST 2020 | Sat Mar  7 19:15:01 UTC 2020 | Every 10 minutes #2
Sat Mar  7 11:25:01 PST 2020 | Sat Mar  7 19:25:01 UTC 2020 | Every 10 minutes #2
Sat Mar  7 11:35:01 PST 2020 | Sat Mar  7 19:35:01 UTC 2020 | Every 10 minutes #2
Sat Mar  7 11:45:01 PST 2020 | Sat Mar  7 19:45:01 UTC 2020 | Every 10 minutes #2
Sat Mar  7 11:55:01 PST 2020 | Sat Mar  7 19:55:01 UTC 2020 | Every 10 minutes #2
Sat Mar  7 12:05:01 PST 2020 | Sat Mar  7 20:05:01 UTC 2020 | Every 10 minutes #2
Sat Mar  7 12:15:01 PST 2020 | Sat Mar  7 20:15:01 UTC 2020 | Every 10 minutes #2
Sat Mar  7 12:25:01 PST 2020 | Sat Mar  7 20:25:01 UTC 2020 | Every 10 minutes #2
Sat Mar  7 12:35:01 PST 2020 | Sat Mar  7 20:35:01 UTC 2020 | Every 10 minutes #2
Sat Mar  7 12:45:01 PST 2020 | Sat Mar  7 20:45:01 UTC 2020 | Every 10 minutes #2
Sat Mar  7 12:55:01 PST 2020 | Sat Mar  7 20:55:01 UTC 2020 | Every 10 minutes #2
Sat Mar  7 13:05:01 PST 2020 | Sat Mar  7 21:05:01 UTC 2020 | Every 10 minutes #2
Sat Mar  7 13:15:01 PST 2020 | Sat Mar  7 21:15:01 UTC 2020 | Every 10 minutes #2
Sat Mar  7 13:25:01 PST 2020 | Sat Mar  7 21:25:01 UTC 2020 | Every 10 minutes #2
Sat Mar  7 13:35:01 PST 2020 | Sat Mar  7 21:35:01 UTC 2020 | Every 10 minutes #2
Sat Mar  7 13:45:01 PST 2020 | Sat Mar  7 21:45:01 UTC 2020 | Every 10 minutes #2
Sat Mar  7 13:55:01 PST 2020 | Sat Mar  7 21:55:01 UTC 2020 | Every 10 minutes #2
Sat Mar  7 14:05:01 PST 2020 | Sat Mar  7 22:05:01 UTC 2020 | Every 10 minutes #2
Sat Mar  7 14:15:01 PST 2020 | Sat Mar  7 22:15:01 UTC 2020 | Every 10 minutes #2
Sat Mar  7 14:25:01 PST 2020 | Sat Mar  7 22:25:01 UTC 2020 | Every 10 minutes #2
Sat Mar  7 14:35:01 PST 2020 | Sat Mar  7 22:35:01 UTC 2020 | Every 10 minutes #2
Sat Mar  7 14:45:01 PST 2020 | Sat Mar  7 22:45:01 UTC 2020 | Every 10 minutes #2
Sat Mar  7 14:55:01 PST 2020 | Sat Mar  7 22:55:01 UTC 2020 | Every 10 minutes #2
Sat Mar  7 15:05:01 PST 2020 | Sat Mar  7 23:05:01 UTC 2020 | Every 10 minutes #2
Sat Mar  7 15:15:01 PST 2020 | Sat Mar  7 23:15:01 UTC 2020 | Every 10 minutes #2
Sat Mar  7 15:25:01 PST 2020 | Sat Mar  7 23:25:01 UTC 2020 | Every 10 minutes #2
Sat Mar  7 15:35:01 PST 2020 | Sat Mar  7 23:35:01 UTC 2020 | Every 10 minutes #2
Sat Mar  7 15:45:01 PST 2020 | Sat Mar  7 23:45:01 UTC 2020 | Every 10 minutes #2
Sat Mar  7 15:55:01 PST 2020 | Sat Mar  7 23:55:01 UTC 2020 | Every 10 minutes #2
Sat Mar  7 16:05:01 PST 2020 | Sun Mar  8 00:05:01 UTC 2020 | Every 10 minutes #2
Sat Mar  7 16:15:01 PST 2020 | Sun Mar  8 00:15:01 UTC 2020 | Every 10 minutes #2
Sat Mar  7 16:25:02 PST 2020 | Sun Mar  8 00:25:02 UTC 2020 | Every 10 minutes #2
Sat Mar  7 16:35:01 PST 2020 | Sun Mar  8 00:35:01 UTC 2020 | Every 10 minutes #2
Sat Mar  7 16:45:01 PST 2020 | Sun Mar  8 00:45:01 UTC 2020 | Every 10 minutes #2
Sat Mar  7 16:55:01 PST 2020 | Sun Mar  8 00:55:01 UTC 2020 | Every 10 minutes #2
Sat Mar  7 17:05:01 PST 2020 | Sun Mar  8 01:05:01 UTC 2020 | Every 10 minutes #2
Sat Mar  7 17:15:01 PST 2020 | Sun Mar  8 01:15:01 UTC 2020 | Every 10 minutes #2
Sat Mar  7 17:25:01 PST 2020 | Sun Mar  8 01:25:01 UTC 2020 | Every 10 minutes #2
Sat Mar  7 17:35:01 PST 2020 | Sun Mar  8 01:35:01 UTC 2020 | Every 10 minutes #2
Sat Mar  7 17:45:01 PST 2020 | Sun Mar  8 01:45:01 UTC 2020 | Every 10 minutes #2
Sat Mar  7 17:55:01 PST 2020 | Sun Mar  8 01:55:01 UTC 2020 | Every 10 minutes #2
Sat Mar  7 18:05:01 PST 2020 | Sun Mar  8 02:05:01 UTC 2020 | Every 10 minutes #2
Sat Mar  7 18:15:01 PST 2020 | Sun Mar  8 02:15:01 UTC 2020 | Every 10 minutes #2
Sat Mar  7 18:25:01 PST 2020 | Sun Mar  8 02:25:01 UTC 2020 | Every 10 minutes #2
Sat Mar  7 18:35:01 PST 2020 | Sun Mar  8 02:35:01 UTC 2020 | Every 10 minutes #2
Sat Mar  7 18:45:01 PST 2020 | Sun Mar  8 02:45:01 UTC 2020 | Every 10 minutes #2
Sat Mar  7 18:55:01 PST 2020 | Sun Mar  8 02:55:01 UTC 2020 | Every 10 minutes #2
Sat Mar  7 19:05:01 PST 2020 | Sun Mar  8 03:05:01 UTC 2020 | Every 10 minutes #2
Sat Mar  7 19:15:01 PST 2020 | Sun Mar  8 03:15:01 UTC 2020 | Every 10 minutes #2
Sat Mar  7 19:25:01 PST 2020 | Sun Mar  8 03:25:01 UTC 2020 | Every 10 minutes #2
Sat Mar  7 19:35:01 PST 2020 | Sun Mar  8 03:35:01 UTC 2020 | Every 10 minutes #2
Sat Mar  7 19:45:01 PST 2020 | Sun Mar  8 03:45:01 UTC 2020 | Every 10 minutes #2
Sat Mar  7 19:55:01 PST 2020 | Sun Mar  8 03:55:01 UTC 2020 | Every 10 minutes #2
Sat Mar  7 20:05:01 PST 2020 | Sun Mar  8 04:05:01 UTC 2020 | Every 10 minutes #2
Sat Mar  7 20:15:01 PST 2020 | Sun Mar  8 04:15:01 UTC 2020 | Every 10 minutes #2
Sat Mar  7 20:25:01 PST 2020 | Sun Mar  8 04:25:01 UTC 2020 | Every 10 minutes #2
Sat Mar  7 20:35:01 PST 2020 | Sun Mar  8 04:35:01 UTC 2020 | Every 10 minutes #2
Sat Mar  7 20:45:01 PST 2020 | Sun Mar  8 04:45:01 UTC 2020 | Every 10 minutes #2
Sat Mar  7 20:55:01 PST 2020 | Sun Mar  8 04:55:01 UTC 2020 | Every 10 minutes #2
Sat Mar  7 21:05:01 PST 2020 | Sun Mar  8 05:05:01 UTC 2020 | Every 10 minutes #2
Sat Mar  7 21:15:01 PST 2020 | Sun Mar  8 05:15:01 UTC 2020 | Every 10 minutes #2
Sat Mar  7 21:25:01 PST 2020 | Sun Mar  8 05:25:01 UTC 2020 | Every 10 minutes #2
Sat Mar  7 21:35:01 PST 2020 | Sun Mar  8 05:35:01 UTC 2020 | Every 10 minutes #2
Sat Mar  7 21:45:01 PST 2020 | Sun Mar  8 05:45:01 UTC 2020 | Every 10 minutes #2
Sat Mar  7 21:55:01 PST 2020 | Sun Mar  8 05:55:01 UTC 2020 | Every 10 minutes #2
Sat Mar  7 22:05:01 PST 2020 | Sun Mar  8 06:05:01 UTC 2020 | Every 10 minutes #2
Sat Mar  7 22:15:01 PST 2020 | Sun Mar  8 06:15:01 UTC 2020 | Every 10 minutes #2
Sat Mar  7 22:25:01 PST 2020 | Sun Mar  8 06:25:01 UTC 2020 | Every 10 minutes #2
Sat Mar  7 22:35:01 PST 2020 | Sun Mar  8 06:35:01 UTC 2020 | Every 10 minutes #2
Sat Mar  7 22:45:01 PST 2020 | Sun Mar  8 06:45:01 UTC 2020 | Every 10 minutes #2
Sat Mar  7 22:55:01 PST 2020 | Sun Mar  8 06:55:01 UTC 2020 | Every 10 minutes #2
Sat Mar  7 23:05:01 PST 2020 | Sun Mar  8 07:05:01 UTC 2020 | Every 10 minutes #2
Sat Mar  7 23:15:01 PST 2020 | Sun Mar  8 07:15:01 UTC 2020 | Every 10 minutes #2
Sat Mar  7 23:25:01 PST 2020 | Sun Mar  8 07:25:01 UTC 2020 | Every 10 minutes #2
Sat Mar  7 23:35:01 PST 2020 | Sun Mar  8 07:35:01 UTC 2020 | Every 10 minutes #2
Sat Mar  7 23:45:01 PST 2020 | Sun Mar  8 07:45:01 UTC 2020 | Every 10 minutes #2
Sat Mar  7 23:55:01 PST 2020 | Sun Mar  8 07:55:01 UTC 2020 | Every 10 minutes #2
Sun Mar  8 00:05:01 PST 2020 | Sun Mar  8 08:05:01 UTC 2020 | Every 10 minutes #2
Sun Mar  8 00:15:01 PST 2020 | Sun Mar  8 08:15:01 UTC 2020 | Every 10 minutes #2
Sun Mar  8 00:25:01 PST 2020 | Sun Mar  8 08:25:01 UTC 2020 | Every 10 minutes #2
Sun Mar  8 00:35:01 PST 2020 | Sun Mar  8 08:35:01 UTC 2020 | Every 10 minutes #2
Sun Mar  8 00:45:01 PST 2020 | Sun Mar  8 08:45:01 UTC 2020 | Every 10 minutes #2
Sun Mar  8 00:55:01 PST 2020 | Sun Mar  8 08:55:01 UTC 2020 | Every 10 minutes #2
Sun Mar  8 01:05:01 PST 2020 | Sun Mar  8 09:05:01 UTC 2020 | Every 10 minutes #2
Sun Mar  8 01:15:01 PST 2020 | Sun Mar  8 09:15:01 UTC 2020 | Every 10 minutes #2
Sun Mar  8 01:25:01 PST 2020 | Sun Mar  8 09:25:01 UTC 2020 | Every 10 minutes #2
Sun Mar  8 01:35:01 PST 2020 | Sun Mar  8 09:35:01 UTC 2020 | Every 10 minutes #2
Sun Mar  8 01:45:01 PST 2020 | Sun Mar  8 09:45:01 UTC 2020 | Every 10 minutes #2
Sun Mar  8 01:55:01 PST 2020 | Sun Mar  8 09:55:01 UTC 2020 | Every 10 minutes #2
Sun Mar  8 03:05:01 PDT 2020 | Sun Mar  8 10:05:01 UTC 2020 | Every 10 minutes #2
Sun Mar  8 03:15:01 PDT 2020 | Sun Mar  8 10:15:01 UTC 2020 | Every 10 minutes #2
Sun Mar  8 03:25:01 PDT 2020 | Sun Mar  8 10:25:01 UTC 2020 | Every 10 minutes #2
Sun Mar  8 03:35:01 PDT 2020 | Sun Mar  8 10:35:01 UTC 2020 | Every 10 minutes #2
Sun Mar  8 03:45:01 PDT 2020 | Sun Mar  8 10:45:01 UTC 2020 | Every 10 minutes #2
Sun Mar  8 03:55:01 PDT 2020 | Sun Mar  8 10:55:01 UTC 2020 | Every 10 minutes #2
Sun Mar  8 04:05:01 PDT 2020 | Sun Mar  8 11:05:01 UTC 2020 | Every 10 minutes #2
Sun Mar  8 04:15:01 PDT 2020 | Sun Mar  8 11:15:01 UTC 2020 | Every 10 minutes #2
Sun Mar  8 04:25:01 PDT 2020 | Sun Mar  8 11:25:01 UTC 2020 | Every 10 minutes #2
Sun Mar  8 04:35:01 PDT 2020 | Sun Mar  8 11:35:01 UTC 2020 | Every 10 minutes #2
Sun Mar  8 04:45:01 PDT 2020 | Sun Mar  8 11:45:01 UTC 2020 | Every 10 minutes #2
Sun Mar  8 04:55:01 PDT 2020 | Sun Mar  8 11:55:01 UTC 2020 | Every 10 minutes #2
Sun Mar  8 05:05:01 PDT 2020 | Sun Mar  8 12:05:01 UTC 2020 | Every 10 minutes #2
Sun Mar  8 05:15:01 PDT 2020 | Sun Mar  8 12:15:01 UTC 2020 | Every 10 minutes #2
Sun Mar  8 05:25:02 PDT 2020 | Sun Mar  8 12:25:02 UTC 2020 | Every 10 minutes #2
Sun Mar  8 05:35:01 PDT 2020 | Sun Mar  8 12:35:01 UTC 2020 | Every 10 minutes #2
Sun Mar  8 05:45:01 PDT 2020 | Sun Mar  8 12:45:01 UTC 2020 | Every 10 minutes #2
Sun Mar  8 05:55:01 PDT 2020 | Sun Mar  8 12:55:01 UTC 2020 | Every 10 minutes #2
Sun Mar  8 06:05:01 PDT 2020 | Sun Mar  8 13:05:01 UTC 2020 | Every 10 minutes #2
Sun Mar  8 06:15:01 PDT 2020 | Sun Mar  8 13:15:01 UTC 2020 | Every 10 minutes #2
Sun Mar  8 06:25:01 PDT 2020 | Sun Mar  8 13:25:01 UTC 2020 | Every 10 minutes #2
Sun Mar  8 06:35:01 PDT 2020 | Sun Mar  8 13:35:01 UTC 2020 | Every 10 minutes #2
Sun Mar  8 06:45:01 PDT 2020 | Sun Mar  8 13:45:01 UTC 2020 | Every 10 minutes #2
Sun Mar  8 06:55:01 PDT 2020 | Sun Mar  8 13:55:01 UTC 2020 | Every 10 minutes #2
Sun Mar  8 07:05:01 PDT 2020 | Sun Mar  8 14:05:01 UTC 2020 | Every 10 minutes #2
Sun Mar  8 07:15:01 PDT 2020 | Sun Mar  8 14:15:01 UTC 2020 | Every 10 minutes #2
Sun Mar  8 07:25:01 PDT 2020 | Sun Mar  8 14:25:01 UTC 2020 | Every 10 minutes #2
Sun Mar  8 07:35:01 PDT 2020 | Sun Mar  8 14:35:01 UTC 2020 | Every 10 minutes #2
Sun Mar  8 07:45:01 PDT 2020 | Sun Mar  8 14:45:01 UTC 2020 | Every 10 minutes #2
Sun Mar  8 07:55:01 PDT 2020 | Sun Mar  8 14:55:01 UTC 2020 | Every 10 minutes #2
Sun Mar  8 08:05:01 PDT 2020 | Sun Mar  8 15:05:01 UTC 2020 | Every 10 minutes #2
Sun Mar  8 08:15:01 PDT 2020 | Sun Mar  8 15:15:01 UTC 2020 | Every 10 minutes #2
Sun Mar  8 08:25:01 PDT 2020 | Sun Mar  8 15:25:01 UTC 2020 | Every 10 minutes #2
Sun Mar  8 08:35:01 PDT 2020 | Sun Mar  8 15:35:01 UTC 2020 | Every 10 minutes #2
Sun Mar  8 08:45:01 PDT 2020 | Sun Mar  8 15:45:01 UTC 2020 | Every 10 minutes #2
Sun Mar  8 08:55:01 PDT 2020 | Sun Mar  8 15:55:01 UTC 2020 | Every 10 minutes #2
Sun Mar  8 09:05:01 PDT 2020 | Sun Mar  8 16:05:01 UTC 2020 | Every 10 minutes #2
Sun Mar  8 09:15:01 PDT 2020 | Sun Mar  8 16:15:01 UTC 2020 | Every 10 minutes #2
Sun Mar  8 09:25:01 PDT 2020 | Sun Mar  8 16:25:01 UTC 2020 | Every 10 minutes #2
Sun Mar  8 09:35:01 PDT 2020 | Sun Mar  8 16:35:01 UTC 2020 | Every 10 minutes #2
Sun Mar  8 09:45:01 PDT 2020 | Sun Mar  8 16:45:01 UTC 2020 | Every 10 minutes #2
Sun Mar  8 09:55:01 PDT 2020 | Sun Mar  8 16:55:01 UTC 2020 | Every 10 minutes #2
Sun Mar  8 10:05:01 PDT 2020 | Sun Mar  8 17:05:01 UTC 2020 | Every 10 minutes #2
Sun Mar  8 10:15:01 PDT 2020 | Sun Mar  8 17:15:01 UTC 2020 | Every 10 minutes #2
Sun Mar  8 10:25:01 PDT 2020 | Sun Mar  8 17:25:01 UTC 2020 | Every 10 minutes #2
Sun Mar  8 10:35:01 PDT 2020 | Sun Mar  8 17:35:01 UTC 2020 | Every 10 minutes #2
Sun Mar  8 10:45:01 PDT 2020 | Sun Mar  8 17:45:01 UTC 2020 | Every 10 minutes #2
Sun Mar  8 10:55:01 PDT 2020 | Sun Mar  8 17:55:01 UTC 2020 | Every 10 minutes #2
Sun Mar  8 11:05:01 PDT 2020 | Sun Mar  8 18:05:01 UTC 2020 | Every 10 minutes #2
Sun Mar  8 11:15:01 PDT 2020 | Sun Mar  8 18:15:01 UTC 2020 | Every 10 minutes #2
Sun Mar  8 11:25:01 PDT 2020 | Sun Mar  8 18:25:01 UTC 2020 | Every 10 minutes #2
Sun Mar  8 11:35:01 PDT 2020 | Sun Mar  8 18:35:01 UTC 2020 | Every 10 minutes #2
Sun Mar  8 11:45:01 PDT 2020 | Sun Mar  8 18:45:01 UTC 2020 | Every 10 minutes #2
Sun Mar  8 11:55:01 PDT 2020 | Sun Mar  8 18:55:01 UTC 2020 | Every 10 minutes #2
Sun Mar  8 12:05:01 PDT 2020 | Sun Mar  8 19:05:01 UTC 2020 | Every 10 minutes #2
Sun Mar  8 12:15:01 PDT 2020 | Sun Mar  8 19:15:01 UTC 2020 | Every 10 minutes #2
Sun Mar  8 12:25:01 PDT 2020 | Sun Mar  8 19:25:01 UTC 2020 | Every 10 minutes #2
Sun Mar  8 12:35:01 PDT 2020 | Sun Mar  8 19:35:01 UTC 2020 | Every 10 minutes #2
Sun Mar  8 12:45:01 PDT 2020 | Sun Mar  8 19:45:01 UTC 2020 | Every 10 minutes #2
Sun Mar  8 12:55:01 PDT 2020 | Sun Mar  8 19:55:01 UTC 2020 | Every 10 minutes #2
Sun Mar  8 13:05:01 PDT 2020 | Sun Mar  8 20:05:01 UTC 2020 | Every 10 minutes #2
Sun Mar  8 13:15:01 PDT 2020 | Sun Mar  8 20:15:01 UTC 2020 | Every 10 minutes #2
Sun Mar  8 13:25:01 PDT 2020 | Sun Mar  8 20:25:01 UTC 2020 | Every 10 minutes #2
Sun Mar  8 13:35:01 PDT 2020 | Sun Mar  8 20:35:01 UTC 2020 | Every 10 minutes #2
Sun Mar  8 13:45:01 PDT 2020 | Sun Mar  8 20:45:01 UTC 2020 | Every 10 minutes #2
Sun Mar  8 13:55:01 PDT 2020 | Sun Mar  8 20:55:01 UTC 2020 | Every 10 minutes #2
Sun Mar  8 14:05:01 PDT 2020 | Sun Mar  8 21:05:01 UTC 2020 | Every 10 minutes #2
Sun Mar  8 14:15:01 PDT 2020 | Sun Mar  8 21:15:01 UTC 2020 | Every 10 minutes #2
Sun Mar  8 14:25:01 PDT 2020 | Sun Mar  8 21:25:01 UTC 2020 | Every 10 minutes #2
Sun Mar  8 14:35:01 PDT 2020 | Sun Mar  8 21:35:01 UTC 2020 | Every 10 minutes #2
Sun Mar  8 14:45:01 PDT 2020 | Sun Mar  8 21:45:01 UTC 2020 | Every 10 minutes #2
Sun Mar  8 14:55:01 PDT 2020 | Sun Mar  8 21:55:01 UTC 2020 | Every 10 minutes #2
Sun Mar  8 15:05:01 PDT 2020 | Sun Mar  8 22:05:01 UTC 2020 | Every 10 minutes #2
Sun Mar  8 15:15:01 PDT 2020 | Sun Mar  8 22:15:01 UTC 2020 | Every 10 minutes #2
Sun Mar  8 15:25:01 PDT 2020 | Sun Mar  8 22:25:01 UTC 2020 | Every 10 minutes #2
Sun Mar  8 15:35:01 PDT 2020 | Sun Mar  8 22:35:01 UTC 2020 | Every 10 minutes #2
Sun Mar  8 15:45:01 PDT 2020 | Sun Mar  8 22:45:01 UTC 2020 | Every 10 minutes #2
Sun Mar  8 15:55:01 PDT 2020 | Sun Mar  8 22:55:01 UTC 2020 | Every 10 minutes #2
Sun Mar  8 16:05:01 PDT 2020 | Sun Mar  8 23:05:01 UTC 2020 | Every 10 minutes #2
Sun Mar  8 16:15:01 PDT 2020 | Sun Mar  8 23:15:01 UTC 2020 | Every 10 minutes #2
Sun Mar  8 16:25:01 PDT 2020 | Sun Mar  8 23:25:01 UTC 2020 | Every 10 minutes #2
Sun Mar  8 16:35:01 PDT 2020 | Sun Mar  8 23:35:01 UTC 2020 | Every 10 minutes #2
Sun Mar  8 16:45:01 PDT 2020 | Sun Mar  8 23:45:01 UTC 2020 | Every 10 minutes #2
Sun Mar  8 16:55:01 PDT 2020 | Sun Mar  8 23:55:01 UTC 2020 | Every 10 minutes #2
Sun Mar  8 17:05:01 PDT 2020 | Mon Mar  9 00:05:01 UTC 2020 | Every 10 minutes #2
Sun Mar  8 17:15:01 PDT 2020 | Mon Mar  9 00:15:01 UTC 2020 | Every 10 minutes #2
Sun Mar  8 17:25:01 PDT 2020 | Mon Mar  9 00:25:01 UTC 2020 | Every 10 minutes #2
Sun Mar  8 17:35:01 PDT 2020 | Mon Mar  9 00:35:01 UTC 2020 | Every 10 minutes #2
Sun Mar  8 17:45:01 PDT 2020 | Mon Mar  9 00:45:01 UTC 2020 | Every 10 minutes #2
Sun Mar  8 17:55:01 PDT 2020 | Mon Mar  9 00:55:01 UTC 2020 | Every 10 minutes #2
Sun Mar  8 18:05:01 PDT 2020 | Mon Mar  9 01:05:01 UTC 2020 | Every 10 minutes #2
Sun Mar  8 18:15:01 PDT 2020 | Mon Mar  9 01:15:01 UTC 2020 | Every 10 minutes #2
Sun Mar  8 18:25:01 PDT 2020 | Mon Mar  9 01:25:01 UTC 2020 | Every 10 minutes #2
Sun Mar  8 18:35:01 PDT 2020 | Mon Mar  9 01:35:01 UTC 2020 | Every 10 minutes #2
Sun Mar  8 18:45:01 PDT 2020 | Mon Mar  9 01:45:01 UTC 2020 | Every 10 minutes #2
Sun Mar  8 18:55:01 PDT 2020 | Mon Mar  9 01:55:01 UTC 2020 | Every 10 minutes #2
Sun Mar  8 19:05:01 PDT 2020 | Mon Mar  9 02:05:01 UTC 2020 | Every 10 minutes #2
Sun Mar  8 19:15:01 PDT 2020 | Mon Mar  9 02:15:01 UTC 2020 | Every 10 minutes #2
Sun Mar  8 19:25:01 PDT 2020 | Mon Mar  9 02:25:01 UTC 2020 | Every 10 minutes #2
Sun Mar  8 19:35:01 PDT 2020 | Mon Mar  9 02:35:01 UTC 2020 | Every 10 minutes #2
Sun Mar  8 19:45:01 PDT 2020 | Mon Mar  9 02:45:01 UTC 2020 | Every 10 minutes #2
Sun Mar  8 19:55:01 PDT 2020 | Mon Mar  9 02:55:01 UTC 2020 | Every 10 minutes #2
Sun Mar  8 20:05:01 PDT 2020 | Mon Mar  9 03:05:01 UTC 2020 | Every 10 minutes #2
Sun Mar  8 20:15:01 PDT 2020 | Mon Mar  9 03:15:01 UTC 2020 | Every 10 minutes #2
Sun Mar  8 20:25:01 PDT 2020 | Mon Mar  9 03:25:01 UTC 2020 | Every 10 minutes #2
Sun Mar  8 20:35:01 PDT 2020 | Mon Mar  9 03:35:01 UTC 2020 | Every 10 minutes #2
Sun Mar  8 20:45:01 PDT 2020 | Mon Mar  9 03:45:01 UTC 2020 | Every 10 minutes #2
Sun Mar  8 20:55:01 PDT 2020 | Mon Mar  9 03:55:01 UTC 2020 | Every 10 minutes #2
Sun Mar  8 21:05:01 PDT 2020 | Mon Mar  9 04:05:01 UTC 2020 | Every 10 minutes #2
Sun Mar  8 21:15:01 PDT 2020 | Mon Mar  9 04:15:01 UTC 2020 | Every 10 minutes #2
Sun Mar  8 21:25:01 PDT 2020 | Mon Mar  9 04:25:01 UTC 2020 | Every 10 minutes #2
Sun Mar  8 21:35:01 PDT 2020 | Mon Mar  9 04:35:01 UTC 2020 | Every 10 minutes #2
Sun Mar  8 21:45:01 PDT 2020 | Mon Mar  9 04:45:01 UTC 2020 | Every 10 minutes #2
Sun Mar  8 21:55:01 PDT 2020 | Mon Mar  9 04:55:01 UTC 2020 | Every 10 minutes #2
Sun Mar  8 22:05:01 PDT 2020 | Mon Mar  9 05:05:01 UTC 2020 | Every 10 minutes #2
Sun Mar  8 22:15:01 PDT 2020 | Mon Mar  9 05:15:01 UTC 2020 | Every 10 minutes #2
Sun Mar  8 22:25:01 PDT 2020 | Mon Mar  9 05:25:01 UTC 2020 | Every 10 minutes #2
Sun Mar  8 22:35:01 PDT 2020 | Mon Mar  9 05:35:01 UTC 2020 | Every 10 minutes #2
Sun Mar  8 22:45:01 PDT 2020 | Mon Mar  9 05:45:01 UTC 2020 | Every 10 minutes #2
Sun Mar  8 22:55:01 PDT 2020 | Mon Mar  9 05:55:01 UTC 2020 | Every 10 minutes #2
Sun Mar  8 23:05:01 PDT 2020 | Mon Mar  9 06:05:01 UTC 2020 | Every 10 minutes #2
Sun Mar  8 23:15:01 PDT 2020 | Mon Mar  9 06:15:01 UTC 2020 | Every 10 minutes #2
Sun Mar  8 23:25:01 PDT 2020 | Mon Mar  9 06:25:01 UTC 2020 | Every 10 minutes #2
Sun Mar  8 23:35:01 PDT 2020 | Mon Mar  9 06:35:01 UTC 2020 | Every 10 minutes #2
Sun Mar  8 23:45:01 PDT 2020 | Mon Mar  9 06:45:01 UTC 2020 | Every 10 minutes #2
Sun Mar  8 23:55:01 PDT 2020 | Mon Mar  9 06:55:01 UTC 2020 | Every 10 minutes #2
Mon Mar  9 00:05:01 PDT 2020 | Mon Mar  9 07:05:01 UTC 2020 | Every 10 minutes #2
Mon Mar  9 00:15:01 PDT 2020 | Mon Mar  9 07:15:01 UTC 2020 | Every 10 minutes #2
Mon Mar  9 00:25:01 PDT 2020 | Mon Mar  9 07:25:01 UTC 2020 | Every 10 minutes #2
Mon Mar  9 00:35:01 PDT 2020 | Mon Mar  9 07:35:01 UTC 2020 | Every 10 minutes #2
Mon Mar  9 00:45:01 PDT 2020 | Mon Mar  9 07:45:01 UTC 2020 | Every 10 minutes #2
Mon Mar  9 00:55:01 PDT 2020 | Mon Mar  9 07:55:01 UTC 2020 | Every 10 minutes #2
Mon Mar  9 01:05:01 PDT 2020 | Mon Mar  9 08:05:01 UTC 2020 | Every 10 minutes #2
Mon Mar  9 01:15:01 PDT 2020 | Mon Mar  9 08:15:01 UTC 2020 | Every 10 minutes #2
Mon Mar  9 01:25:01 PDT 2020 | Mon Mar  9 08:25:01 UTC 2020 | Every 10 minutes #2
Mon Mar  9 01:35:01 PDT 2020 | Mon Mar  9 08:35:01 UTC 2020 | Every 10 minutes #2
Mon Mar  9 01:45:01 PDT 2020 | Mon Mar  9 08:45:01 UTC 2020 | Every 10 minutes #2
Mon Mar  9 01:55:01 PDT 2020 | Mon Mar  9 08:55:01 UTC 2020 | Every 10 minutes #2
Mon Mar  9 02:05:01 PDT 2020 | Mon Mar  9 09:05:01 UTC 2020 | Every 10 minutes #2
Mon Mar  9 02:15:01 PDT 2020 | Mon Mar  9 09:15:01 UTC 2020 | Every 10 minutes #2
Mon Mar  9 02:25:01 PDT 2020 | Mon Mar  9 09:25:01 UTC 2020 | Every 10 minutes #2
Mon Mar  9 02:35:01 PDT 2020 | Mon Mar  9 09:35:01 UTC 2020 | Every 10 minutes #2
Mon Mar  9 02:45:01 PDT 2020 | Mon Mar  9 09:45:01 UTC 2020 | Every 10 minutes #2
Mon Mar  9 02:55:01 PDT 2020 | Mon Mar  9 09:55:01 UTC 2020 | Every 10 minutes #2
Mon Mar  9 03:05:01 PDT 2020 | Mon Mar  9 10:05:01 UTC 2020 | Every 10 minutes #2
Mon Mar  9 03:15:01 PDT 2020 | Mon Mar  9 10:15:01 UTC 2020 | Every 10 minutes #2
Mon Mar  9 03:25:01 PDT 2020 | Mon Mar  9 10:25:01 UTC 2020 | Every 10 minutes #2
Mon Mar  9 03:35:01 PDT 2020 | Mon Mar  9 10:35:01 UTC 2020 | Every 10 minutes #2
Mon Mar  9 03:45:01 PDT 2020 | Mon Mar  9 10:45:01 UTC 2020 | Every 10 minutes #2
Mon Mar  9 03:55:01 PDT 2020 | Mon Mar  9 10:55:01 UTC 2020 | Every 10 minutes #2
Mon Mar  9 04:05:01 PDT 2020 | Mon Mar  9 11:05:01 UTC 2020 | Every 10 minutes #2
Mon Mar  9 04:15:01 PDT 2020 | Mon Mar  9 11:15:01 UTC 2020 | Every 10 minutes #2
Mon Mar  9 04:25:01 PDT 2020 | Mon Mar  9 11:25:01 UTC 2020 | Every 10 minutes #2
Mon Mar  9 04:35:01 PDT 2020 | Mon Mar  9 11:35:01 UTC 2020 | Every 10 minutes #2
Mon Mar  9 04:45:01 PDT 2020 | Mon Mar  9 11:45:01 UTC 2020 | Every 10 minutes #2
Mon Mar  9 04:55:01 PDT 2020 | Mon Mar  9 11:55:01 UTC 2020 | Every 10 minutes #2
Mon Mar  9 05:05:01 PDT 2020 | Mon Mar  9 12:05:01 UTC 2020 | Every 10 minutes #2
Mon Mar  9 05:15:01 PDT 2020 | Mon Mar  9 12:15:01 UTC 2020 | Every 10 minutes #2
Mon Mar  9 05:25:01 PDT 2020 | Mon Mar  9 12:25:01 UTC 2020 | Every 10 minutes #2
Mon Mar  9 05:35:01 PDT 2020 | Mon Mar  9 12:35:01 UTC 2020 | Every 10 minutes #2
Mon Mar  9 05:45:01 PDT 2020 | Mon Mar  9 12:45:01 UTC 2020 | Every 10 minutes #2
Mon Mar  9 05:55:01 PDT 2020 | Mon Mar  9 12:55:01 UTC 2020 | Every 10 minutes #2
Mon Mar  9 06:05:01 PDT 2020 | Mon Mar  9 13:05:01 UTC 2020 | Every 10 minutes #2
Mon Mar  9 06:15:01 PDT 2020 | Mon Mar  9 13:15:01 UTC 2020 | Every 10 minutes #2
Mon Mar  9 06:25:01 PDT 2020 | Mon Mar  9 13:25:01 UTC 2020 | Every 10 minutes #2
Mon Mar  9 06:35:01 PDT 2020 | Mon Mar  9 13:35:01 UTC 2020 | Every 10 minutes #2
Mon Mar  9 06:45:01 PDT 2020 | Mon Mar  9 13:45:01 UTC 2020 | Every 10 minutes #2
Mon Mar  9 06:55:01 PDT 2020 | Mon Mar  9 13:55:01 UTC 2020 | Every 10 minutes #2
Mon Mar  9 07:05:01 PDT 2020 | Mon Mar  9 14:05:01 UTC 2020 | Every 10 minutes #2
Mon Mar  9 07:15:01 PDT 2020 | Mon Mar  9 14:15:01 UTC 2020 | Every 10 minutes #2
Mon Mar  9 07:25:01 PDT 2020 | Mon Mar  9 14:25:01 UTC 2020 | Every 10 minutes #2
Mon Mar  9 07:35:01 PDT 2020 | Mon Mar  9 14:35:01 UTC 2020 | Every 10 minutes #2
Mon Mar  9 07:45:01 PDT 2020 | Mon Mar  9 14:45:01 UTC 2020 | Every 10 minutes #2
Mon Mar  9 07:55:02 PDT 2020 | Mon Mar  9 14:55:02 UTC 2020 | Every 10 minutes #2
Mon Mar  9 08:05:01 PDT 2020 | Mon Mar  9 15:05:01 UTC 2020 | Every 10 minutes #2
Mon Mar  9 08:15:01 PDT 2020 | Mon Mar  9 15:15:01 UTC 2020 | Every 10 minutes #2
Mon Mar  9 08:25:01 PDT 2020 | Mon Mar  9 15:25:01 UTC 2020 | Every 10 minutes #2
Mon Mar  9 08:35:01 PDT 2020 | Mon Mar  9 15:35:01 UTC 2020 | Every 10 minutes #2
Mon Mar  9 08:45:01 PDT 2020 | Mon Mar  9 15:45:01 UTC 2020 | Every 10 minutes #2
Mon Mar  9 08:55:01 PDT 2020 | Mon Mar  9 15:55:01 UTC 2020 | Every 10 minutes #2
Mon Mar  9 09:05:01 PDT 2020 | Mon Mar  9 16:05:01 UTC 2020 | Every 10 minutes #2
Mon Mar  9 09:15:01 PDT 2020 | Mon Mar  9 16:15:01 UTC 2020 | Every 10 minutes #2
Mon Mar  9 09:25:01 PDT 2020 | Mon Mar  9 16:25:01 UTC 2020 | Every 10 minutes #2
Mon Mar  9 09:35:01 PDT 2020 | Mon Mar  9 16:35:01 UTC 2020 | Every 10 minutes #2
Mon Mar  9 09:45:01 PDT 2020 | Mon Mar  9 16:45:01 UTC 2020 | Every 10 minutes #2
Mon Mar  9 09:55:01 PDT 2020 | Mon Mar  9 16:55:01 UTC 2020 | Every 10 minutes #2
Mon Mar  9 10:05:01 PDT 2020 | Mon Mar  9 17:05:01 UTC 2020 | Every 10 minutes #2
Mon Mar  9 10:15:01 PDT 2020 | Mon Mar  9 17:15:01 UTC 2020 | Every 10 minutes #2
Mon Mar  9 10:25:01 PDT 2020 | Mon Mar  9 17:25:01 UTC 2020 | Every 10 minutes #2
Mon Mar  9 10:35:01 PDT 2020 | Mon Mar  9 17:35:01 UTC 2020 | Every 10 minutes #2
Mon Mar  9 10:45:01 PDT 2020 | Mon Mar  9 17:45:01 UTC 2020 | Every 10 minutes #2
Mon Mar  9 10:55:01 PDT 2020 | Mon Mar  9 17:55:01 UTC 2020 | Every 10 minutes #2
Mon Mar  9 11:05:01 PDT 2020 | Mon Mar  9 18:05:01 UTC 2020 | Every 10 minutes #2
Mon Mar  9 11:15:01 PDT 2020 | Mon Mar  9 18:15:01 UTC 2020 | Every 10 minutes #2
Mon Mar  9 11:25:01 PDT 2020 | Mon Mar  9 18:25:01 UTC 2020 | Every 10 minutes #2
Mon Mar  9 11:35:01 PDT 2020 | Mon Mar  9 18:35:01 UTC 2020 | Every 10 minutes #2
Mon Mar  9 11:45:01 PDT 2020 | Mon Mar  9 18:45:01 UTC 2020 | Every 10 minutes #2
Mon Mar  9 11:55:01 PDT 2020 | Mon Mar  9 18:55:01 UTC 2020 | Every 10 minutes #2
Mon Mar  9 12:05:01 PDT 2020 | Mon Mar  9 19:05:01 UTC 2020 | Every 10 minutes #2
Mon Mar  9 12:15:01 PDT 2020 | Mon Mar  9 19:15:01 UTC 2020 | Every 10 minutes #2
Mon Mar  9 12:25:01 PDT 2020 | Mon Mar  9 19:25:01 UTC 2020 | Every 10 minutes #2
Mon Mar  9 12:35:01 PDT 2020 | Mon Mar  9 19:35:01 UTC 2020 | Every 10 minutes #2
Mon Mar  9 12:45:01 PDT 2020 | Mon Mar  9 19:45:01 UTC 2020 | Every 10 minutes #2
Mon Mar  9 12:55:01 PDT 2020 | Mon Mar  9 19:55:01 UTC 2020 | Every 10 minutes #2
Mon Mar  9 13:05:01 PDT 2020 | Mon Mar  9 20:05:01 UTC 2020 | Every 10 minutes #2
Mon Mar  9 13:15:01 PDT 2020 | Mon Mar  9 20:15:01 UTC 2020 | Every 10 minutes #2
Mon Mar  9 13:25:01 PDT 2020 | Mon Mar  9 20:25:01 UTC 2020 | Every 10 minutes #2
Mon Mar  9 13:35:01 PDT 2020 | Mon Mar  9 20:35:01 UTC 2020 | Every 10 minutes #2
