Tue Mar  3 15:30:01 PST 2020 | Tue Mar  3 23:30:01 UTC 2020 | Every 2 hours #4
Tue Mar  3 17:30:01 PST 2020 | Wed Mar  4 01:30:01 UTC 2020 | Every 2 hours #4
Tue Mar  3 19:30:02 PST 2020 | Wed Mar  4 03:30:02 UTC 2020 | Every 2 hours #4
Tue Mar  3 21:30:01 PST 2020 | Wed Mar  4 05:30:01 UTC 2020 | Every 2 hours #4
Tue Mar  3 23:30:01 PST 2020 | Wed Mar  4 07:30:01 UTC 2020 | Every 2 hours #4
Wed Mar  4 01:30:01 PST 2020 | Wed Mar  4 09:30:01 UTC 2020 | Every 2 hours #4
Wed Mar  4 03:30:01 PST 2020 | Wed Mar  4 11:30:01 UTC 2020 | Every 2 hours #4
Wed Mar  4 05:30:01 PST 2020 | Wed Mar  4 13:30:01 UTC 2020 | Every 2 hours #4
Wed Mar  4 07:30:01 PST 2020 | Wed Mar  4 15:30:01 UTC 2020 | Every 2 hours #4
Wed Mar  4 09:30:01 PST 2020 | Wed Mar  4 17:30:01 UTC 2020 | Every 2 hours #4
Wed Mar  4 11:30:01 PST 2020 | Wed Mar  4 19:30:01 UTC 2020 | Every 2 hours #4
Wed Mar  4 13:30:01 PST 2020 | Wed Mar  4 21:30:01 UTC 2020 | Every 2 hours #4
Wed Mar  4 15:30:01 PST 2020 | Wed Mar  4 23:30:01 UTC 2020 | Every 2 hours #4
Wed Mar  4 17:30:01 PST 2020 | Thu Mar  5 01:30:01 UTC 2020 | Every 2 hours #4
Wed Mar  4 19:30:01 PST 2020 | Thu Mar  5 03:30:01 UTC 2020 | Every 2 hours #4
Wed Mar  4 21:30:01 PST 2020 | Thu Mar  5 05:30:01 UTC 2020 | Every 2 hours #4
Wed Mar  4 23:30:01 PST 2020 | Thu Mar  5 07:30:01 UTC 2020 | Every 2 hours #4
Thu Mar  5 01:30:01 PST 2020 | Thu Mar  5 09:30:01 UTC 2020 | Every 2 hours #4
Thu Mar  5 03:30:01 PST 2020 | Thu Mar  5 11:30:01 UTC 2020 | Every 2 hours #4
Thu Mar  5 05:30:01 PST 2020 | Thu Mar  5 13:30:01 UTC 2020 | Every 2 hours #4
Thu Mar  5 07:30:01 PST 2020 | Thu Mar  5 15:30:01 UTC 2020 | Every 2 hours #4
Thu Mar  5 09:30:01 PST 2020 | Thu Mar  5 17:30:01 UTC 2020 | Every 2 hours #4
Thu Mar  5 11:30:01 PST 2020 | Thu Mar  5 19:30:01 UTC 2020 | Every 2 hours #4
Thu Mar  5 13:30:01 PST 2020 | Thu Mar  5 21:30:01 UTC 2020 | Every 2 hours #4
Thu Mar  5 15:30:01 PST 2020 | Thu Mar  5 23:30:01 UTC 2020 | Every 2 hours #4
Thu Mar  5 17:30:01 PST 2020 | Fri Mar  6 01:30:01 UTC 2020 | Every 2 hours #4
Thu Mar  5 19:30:01 PST 2020 | Fri Mar  6 03:30:01 UTC 2020 | Every 2 hours #4
Thu Mar  5 21:30:01 PST 2020 | Fri Mar  6 05:30:01 UTC 2020 | Every 2 hours #4
Thu Mar  5 23:30:01 PST 2020 | Fri Mar  6 07:30:01 UTC 2020 | Every 2 hours #4
Fri Mar  6 01:30:01 PST 2020 | Fri Mar  6 09:30:01 UTC 2020 | Every 2 hours #4
Fri Mar  6 03:30:01 PST 2020 | Fri Mar  6 11:30:01 UTC 2020 | Every 2 hours #4
Fri Mar  6 05:30:01 PST 2020 | Fri Mar  6 13:30:01 UTC 2020 | Every 2 hours #4
Fri Mar  6 07:30:01 PST 2020 | Fri Mar  6 15:30:01 UTC 2020 | Every 2 hours #4
Fri Mar  6 09:30:01 PST 2020 | Fri Mar  6 17:30:01 UTC 2020 | Every 2 hours #4
Fri Mar  6 11:30:01 PST 2020 | Fri Mar  6 19:30:01 UTC 2020 | Every 2 hours #4
Fri Mar  6 13:30:01 PST 2020 | Fri Mar  6 21:30:01 UTC 2020 | Every 2 hours #4
Fri Mar  6 15:30:01 PST 2020 | Fri Mar  6 23:30:01 UTC 2020 | Every 2 hours #4
Fri Mar  6 17:30:01 PST 2020 | Sat Mar  7 01:30:01 UTC 2020 | Every 2 hours #4
Fri Mar  6 19:30:01 PST 2020 | Sat Mar  7 03:30:01 UTC 2020 | Every 2 hours #4
Fri Mar  6 21:30:01 PST 2020 | Sat Mar  7 05:30:01 UTC 2020 | Every 2 hours #4
Fri Mar  6 23:30:01 PST 2020 | Sat Mar  7 07:30:01 UTC 2020 | Every 2 hours #4
Sat Mar  7 01:30:01 PST 2020 | Sat Mar  7 09:30:01 UTC 2020 | Every 2 hours #4
Sat Mar  7 03:30:01 PST 2020 | Sat Mar  7 11:30:01 UTC 2020 | Every 2 hours #4
Sat Mar  7 05:30:01 PST 2020 | Sat Mar  7 13:30:01 UTC 2020 | Every 2 hours #4
Sat Mar  7 07:30:02 PST 2020 | Sat Mar  7 15:30:02 UTC 2020 | Every 2 hours #4
Sat Mar  7 09:30:01 PST 2020 | Sat Mar  7 17:30:01 UTC 2020 | Every 2 hours #4
Sat Mar  7 11:30:01 PST 2020 | Sat Mar  7 19:30:01 UTC 2020 | Every 2 hours #4
Sat Mar  7 13:30:01 PST 2020 | Sat Mar  7 21:30:01 UTC 2020 | Every 2 hours #4
Sat Mar  7 15:30:01 PST 2020 | Sat Mar  7 23:30:01 UTC 2020 | Every 2 hours #4
Sat Mar  7 17:30:01 PST 2020 | Sun Mar  8 01:30:01 UTC 2020 | Every 2 hours #4
Sat Mar  7 19:30:01 PST 2020 | Sun Mar  8 03:30:01 UTC 2020 | Every 2 hours #4
Sat Mar  7 21:30:01 PST 2020 | Sun Mar  8 05:30:01 UTC 2020 | Every 2 hours #4
Sat Mar  7 23:30:01 PST 2020 | Sun Mar  8 07:30:01 UTC 2020 | Every 2 hours #4
Sun Mar  8 01:30:01 PST 2020 | Sun Mar  8 09:30:01 UTC 2020 | Every 2 hours #4
Sun Mar  8 03:30:01 PDT 2020 | Sun Mar  8 10:30:01 UTC 2020 | Every 2 hours #4
Sun Mar  8 05:30:01 PDT 2020 | Sun Mar  8 12:30:01 UTC 2020 | Every 2 hours #4
Sun Mar  8 07:30:01 PDT 2020 | Sun Mar  8 14:30:01 UTC 2020 | Every 2 hours #4
Sun Mar  8 09:30:01 PDT 2020 | Sun Mar  8 16:30:01 UTC 2020 | Every 2 hours #4
Sun Mar  8 11:30:01 PDT 2020 | Sun Mar  8 18:30:01 UTC 2020 | Every 2 hours #4
Sun Mar  8 13:30:01 PDT 2020 | Sun Mar  8 20:30:01 UTC 2020 | Every 2 hours #4
Sun Mar  8 15:30:01 PDT 2020 | Sun Mar  8 22:30:01 UTC 2020 | Every 2 hours #4
Sun Mar  8 17:30:01 PDT 2020 | Mon Mar  9 00:30:01 UTC 2020 | Every 2 hours #4
Sun Mar  8 19:30:01 PDT 2020 | Mon Mar  9 02:30:01 UTC 2020 | Every 2 hours #4
Sun Mar  8 21:30:01 PDT 2020 | Mon Mar  9 04:30:01 UTC 2020 | Every 2 hours #4
Sun Mar  8 23:30:01 PDT 2020 | Mon Mar  9 06:30:01 UTC 2020 | Every 2 hours #4
Mon Mar  9 01:30:01 PDT 2020 | Mon Mar  9 08:30:01 UTC 2020 | Every 2 hours #4
Mon Mar  9 03:30:01 PDT 2020 | Mon Mar  9 10:30:01 UTC 2020 | Every 2 hours #4
Mon Mar  9 05:30:01 PDT 2020 | Mon Mar  9 12:30:01 UTC 2020 | Every 2 hours #4
Mon Mar  9 07:30:01 PDT 2020 | Mon Mar  9 14:30:01 UTC 2020 | Every 2 hours #4
Mon Mar  9 09:30:01 PDT 2020 | Mon Mar  9 16:30:01 UTC 2020 | Every 2 hours #4
Mon Mar  9 11:30:02 PDT 2020 | Mon Mar  9 18:30:02 UTC 2020 | Every 2 hours #4
Mon Mar  9 13:30:01 PDT 2020 | Mon Mar  9 20:30:01 UTC 2020 | Every 2 hours #4
